{"logTime": "1117/084535", "correlationVector":"BojWVwr67gEw0tDUkeP55s.99","action":"GetUpdates", "result":"DeleteReceived", "context":{"id":"5e99398b-79ee-423a-bbba-07761c642c83", "isDeleted:":"true", "version":"1726922072304"}}
{"logTime": "1117/084535", "correlationVector":"BojWVwr67gEw0tDUkeP55s.100","action":"GetUpdates", "result":"DeleteReceived", "context":{"id":"138e8d88-5920-44e5-ad78-741d071dcafa", "isDeleted:":"true", "version":"1726922072305"}}
{"logTime": "1117/084535", "correlationVector":"BojWVwr67gEw0tDUkeP55s.101","action":"GetUpdates", "result":"DeleteReceived", "context":{"id":"430c476b-1cb2-4783-abdf-dd63f7d91119", "isDeleted:":"true", "version":"1726922372104"}}
{"logTime": "1117/084535", "correlationVector":"BojWVwr67gEw0tDUkeP55s.102","action":"GetUpdates", "result":"DeleteReceived", "context":{"id":"e6f814a5-35e7-48de-b25b-dfba7888f0cf", "isDeleted:":"true", "version":"1726949425718"}}
{"logTime": "1117/084535", "correlationVector":"BojWVwr67gEw0tDUkeP55s.103","action":"GetUpdates", "result":"DeleteReceived", "context":{"id":"e0d51791-6162-4115-b459-f1cdb57ced69", "isDeleted:":"true", "version":"1726949783472"}}
{"logTime": "1117/084535", "correlationVector":"BojWVwr67gEw0tDUkeP55s.104","action":"GetUpdates", "result":"DeleteReceived", "context":{"id":"29ccf093-28a9-482e-9228-d673dead8aed", "isDeleted:":"true", "version":"1726954286595"}}
{"logTime": "1117/084535", "correlationVector":"BojWVwr67gEw0tDUkeP55s.105","action":"GetUpdates", "result":"DeleteReceived", "context":{"id":"17a7b3f8-9e36-4483-b87b-df8bbc7eceb2", "isDeleted:":"true", "version":"1726980689081"}}
{"logTime": "1117/084535", "correlationVector":"BojWVwr67gEw0tDUkeP55s.106","action":"GetUpdates", "result":"DeleteReceived", "context":{"id":"b8900dcc-04e5-491b-8914-ffbe6abb09b8", "isDeleted:":"true", "version":"1726982646874"}}
{"logTime": "1117/084535", "correlationVector":"BojWVwr67gEw0tDUkeP55s.107","action":"GetUpdates", "result":"DeleteReceived", "context":{"id":"e1d3668c-0d0b-4e6a-89de-ed073608fad6", "isDeleted:":"true", "version":"1726982646875"}}
{"logTime": "1117/084535", "correlationVector":"BojWVwr67gEw0tDUkeP55s.108","action":"GetUpdates", "result":"DeleteReceived", "context":{"id":"6b761c45-875e-4207-8bae-b6036b4d5164", "isDeleted:":"true", "version":"1726988451781"}}
{"logTime": "1117/084535", "correlationVector":"BojWVwr67gEw0tDUkeP55s.109","action":"GetUpdates", "result":"DeleteReceived", "context":{"id":"969d37b5-253f-40df-86a0-25d6753ad773", "isDeleted:":"true", "version":"1726990613156"}}
{"logTime": "1117/084535", "correlationVector":"BojWVwr67gEw0tDUkeP55s.110","action":"GetUpdates", "result":"DeleteReceived", "context":{"id":"31968c9b-0788-4d80-bfb1-256b1ee36420", "isDeleted:":"true", "version":"1726990894675"}}
{"logTime": "1117/084535", "correlationVector":"BojWVwr67gEw0tDUkeP55s.111","action":"GetUpdates", "result":"DeleteReceived", "context":{"id":"e5ea15bf-23d8-4fd0-99f7-d013a3ff662b", "isDeleted:":"true", "version":"1726993488939"}}
{"logTime": "1117/084535", "correlationVector":"BojWVwr67gEw0tDUkeP55s.112","action":"GetUpdates", "result":"DeleteReceived", "context":{"id":"748ef6b1-4010-431b-bbe1-70168aa023cf", "isDeleted:":"true", "version":"1726994113566"}}
{"logTime": "1117/084535", "correlationVector":"BojWVwr67gEw0tDUkeP55s.113","action":"GetUpdates", "result":"DeleteReceived", "context":{"id":"6a27811d-bdc6-4834-9cce-169be1afe35e", "isDeleted:":"true", "version":"1726995543812"}}
{"logTime": "1117/084535", "correlationVector":"BojWVwr67gEw0tDUkeP55s.114","action":"GetUpdates", "result":"DeleteReceived", "context":{"id":"e808e18f-ad70-471c-97ed-540cc7a52a92", "isDeleted:":"true", "version":"1726996572968"}}
{"logTime": "1117/084535", "correlationVector":"BojWVwr67gEw0tDUkeP55s.115","action":"GetUpdates", "result":"DeleteReceived", "context":{"id":"10e61af2-2c07-4ad4-b47b-a8c48c88abda", "isDeleted:":"true", "version":"1726996572972"}}
{"logTime": "1117/084535", "correlationVector":"BojWVwr67gEw0tDUkeP55s.116","action":"GetUpdates", "result":"DeleteReceived", "context":{"id":"375e70ec-3084-4827-b483-8172f3d35fc6", "isDeleted:":"true", "version":"1726996670605"}}
{"logTime": "1117/084535", "correlationVector":"BojWVwr67gEw0tDUkeP55s.117","action":"GetUpdates", "result":"DeleteReceived", "context":{"id":"90c695c8-88f7-4415-aadb-2aea09da98ce", "isDeleted:":"true", "version":"1727013269888"}}
{"logTime": "1117/084535", "correlationVector":"BojWVwr67gEw0tDUkeP55s.118","action":"GetUpdates", "result":"DeleteReceived", "context":{"id":"ae32e73a-1d63-48b4-9c08-80616e53f217", "isDeleted:":"true", "version":"1727013269889"}}
{"logTime": "1117/084535", "correlationVector":"BojWVwr67gEw0tDUkeP55s.119","action":"GetUpdates", "result":"DeleteReceived", "context":{"id":"d51c407a-f9c9-46dd-be50-9836a498a091", "isDeleted:":"true", "version":"1727013269890"}}
{"logTime": "1117/084535", "correlationVector":"BojWVwr67gEw0tDUkeP55s.120","action":"GetUpdates", "result":"DeleteReceived", "context":{"id":"5c9bd77a-f287-4365-9d1c-d5f1728a471b", "isDeleted:":"true", "version":"1727015986089"}}
{"logTime": "1117/084535", "correlationVector":"BojWVwr67gEw0tDUkeP55s.121","action":"GetUpdates", "result":"DeleteReceived", "context":{"id":"516834ad-3d6f-48b0-bfe8-6cd9b9734586", "isDeleted:":"true", "version":"1727016986878"}}
{"logTime": "1117/084535", "correlationVector":"BojWVwr67gEw0tDUkeP55s.122","action":"GetUpdates", "result":"DeleteReceived", "context":{"id":"015f465f-f703-49a5-b18d-5016f758d12d", "isDeleted:":"true", "version":"1727020192913"}}
{"logTime": "1117/084535", "correlationVector":"BojWVwr67gEw0tDUkeP55s.123","action":"GetUpdates", "result":"DeleteReceived", "context":{"id":"e414d4af-7c04-446a-9165-8270da3d36c9", "isDeleted:":"true", "version":"1727020198339"}}
{"logTime": "1117/084535", "correlationVector":"BojWVwr67gEw0tDUkeP55s.124","action":"GetUpdates", "result":"DeleteReceived", "context":{"id":"b40f35d5-720f-4573-a717-fdc2842feb05", "isDeleted:":"true", "version":"1727020198341"}}
{"logTime": "1117/084535", "correlationVector":"BojWVwr67gEw0tDUkeP55s.125","action":"GetUpdates", "result":"DeleteReceived", "context":{"id":"2b652325-de56-4e87-8f41-8f043f21363f", "isDeleted:":"true", "version":"1727022781913"}}
{"logTime": "1117/084535", "correlationVector":"BojWVwr67gEw0tDUkeP55s.126","action":"GetUpdates", "result":"DeleteReceived", "context":{"id":"c0a151dc-b7ac-4898-9716-99304be9f482", "isDeleted:":"true", "version":"1727023201173"}}
{"logTime": "1117/084535", "correlationVector":"BojWVwr67gEw0tDUkeP55s.127","action":"GetUpdates", "result":"DeleteReceived", "context":{"id":"0c193b6e-1b43-4158-a949-86ff72a81f8c", "isDeleted:":"true", "version":"1727023201175"}}
{"logTime": "1117/084535", "correlationVector":"BojWVwr67gEw0tDUkeP55s.128","action":"GetUpdates", "result":"DeleteReceived", "context":{"id":"8985ffea-96c4-4160-b821-bffcec91ad48", "isDeleted:":"true", "version":"1727024291160"}}
{"logTime": "1117/084535", "correlationVector":"BojWVwr67gEw0tDUkeP55s.129","action":"GetUpdates", "result":"DeleteReceived", "context":{"id":"4485ef94-b86e-4913-82e7-cea8c6506179", "isDeleted:":"true", "version":"1727105001524"}}
{"logTime": "1117/084535", "correlationVector":"BojWVwr67gEw0tDUkeP55s.130","action":"GetUpdates", "result":"DeleteReceived", "context":{"id":"6f01e4ea-afc2-437c-9eea-c68195d175d1", "isDeleted:":"true", "version":"1727105001525"}}
{"logTime": "1117/084535", "correlationVector":"BojWVwr67gEw0tDUkeP55s.131","action":"GetUpdates", "result":"DeleteReceived", "context":{"id":"1939442f-6ea1-46c5-b770-5b147b84d98b", "isDeleted:":"true", "version":"1727105001526"}}
{"logTime": "1117/084535", "correlationVector":"BojWVwr67gEw0tDUkeP55s.132","action":"GetUpdates", "result":"DeleteReceived", "context":{"id":"4292358c-e842-47f6-b851-6ec77eb4b685", "isDeleted:":"true", "version":"1727105001528"}}
{"logTime": "1117/084535", "correlationVector":"BojWVwr67gEw0tDUkeP55s.133","action":"GetUpdates", "result":"DeleteReceived", "context":{"id":"06ccd694-3ceb-46fe-b9ba-864be55309cd", "isDeleted:":"true", "version":"1727105001529"}}
{"logTime": "1117/084535", "correlationVector":"BojWVwr67gEw0tDUkeP55s.134","action":"GetUpdates", "result":"DeleteReceived", "context":{"id":"734843f8-78b6-4eff-8c54-df1c672d4dda", "isDeleted:":"true", "version":"1727105001530"}}
{"logTime": "1117/084535", "correlationVector":"BojWVwr67gEw0tDUkeP55s.135","action":"GetUpdates", "result":"DeleteReceived", "context":{"id":"bf4e945d-f2b6-4624-9303-cf4e8fd6bb63", "isDeleted:":"true", "version":"1727109526273"}}
{"logTime": "1117/084535", "correlationVector":"BojWVwr67gEw0tDUkeP55s.136","action":"GetUpdates", "result":"DeleteReceived", "context":{"id":"42ee3105-d893-40d6-9587-83b5ec6b2011", "isDeleted:":"true", "version":"1727176201798"}}
{"logTime": "1117/084535", "correlationVector":"BojWVwr67gEw0tDUkeP55s.137","action":"GetUpdates", "result":"DeleteReceived", "context":{"id":"be7e7105-6666-49ae-a9fa-7c28d988c031", "isDeleted:":"true", "version":"1727176201799"}}
{"logTime": "1117/084535", "correlationVector":"BojWVwr67gEw0tDUkeP55s.138","action":"GetUpdates", "result":"DeleteReceived", "context":{"id":"5bb50718-bbbc-4da9-b7f2-c11d5112e163", "isDeleted:":"true", "version":"1727176992203"}}
{"logTime": "1117/084535", "correlationVector":"BojWVwr67gEw0tDUkeP55s.139","action":"GetUpdates", "result":"DeleteReceived", "context":{"id":"9bd47ed0-b019-4bc0-91d9-9459570c6f30", "isDeleted:":"true", "version":"1727178658942"}}
{"logTime": "1117/084535", "correlationVector":"BojWVwr67gEw0tDUkeP55s.140","action":"GetUpdates", "result":"DeleteReceived", "context":{"id":"27c4321b-3095-437f-93a6-516020dfdf39", "isDeleted:":"true", "version":"1727179253700"}}
{"logTime": "1117/084535", "correlationVector":"BojWVwr67gEw0tDUkeP55s.141","action":"GetUpdates", "result":"DeleteReceived", "context":{"id":"32579dd5-02bf-4fc7-9d37-12081c02aba1", "isDeleted:":"true", "version":"1727179253703"}}
{"logTime": "1117/084535", "correlationVector":"BojWVwr67gEw0tDUkeP55s.142","action":"GetUpdates", "result":"DeleteReceived", "context":{"id":"b4eaacd7-cd1e-4899-81fa-fe11b29655b9", "isDeleted:":"true", "version":"1727179583291"}}
{"logTime": "1117/084535", "correlationVector":"BojWVwr67gEw0tDUkeP55s.143","action":"GetUpdates", "result":"DeleteReceived", "context":{"id":"166723cc-f4e6-4f9f-a99e-531bd08d3746", "isDeleted:":"true", "version":"1727185274111"}}
{"logTime": "1117/084535", "correlationVector":"BojWVwr67gEw0tDUkeP55s.144","action":"GetUpdates", "result":"DeleteReceived", "context":{"id":"7533b371-df24-4003-99c5-0acb419b50b1", "isDeleted:":"true", "version":"1727185274112"}}
{"logTime": "1117/084535", "correlationVector":"BojWVwr67gEw0tDUkeP55s.145","action":"GetUpdates", "result":"DeleteReceived", "context":{"id":"ca8e52e9-668d-442d-b65f-4c54cd67513f", "isDeleted:":"true", "version":"1727185274113"}}
{"logTime": "1117/084535", "correlationVector":"BojWVwr67gEw0tDUkeP55s.146","action":"GetUpdates", "result":"DeleteReceived", "context":{"id":"4a460e26-b55b-460f-8932-d18884ef4bb2", "isDeleted:":"true", "version":"1727186002099"}}
{"logTime": "1117/084535", "correlationVector":"BojWVwr67gEw0tDUkeP55s.147","action":"GetUpdates", "result":"DeleteReceived", "context":{"id":"1e5403b9-0f2e-4ca0-b055-5495ae6bfdc3", "isDeleted:":"true", "version":"1727190327767"}}
{"logTime": "1117/084535", "correlationVector":"BojWVwr67gEw0tDUkeP55s.148","action":"GetUpdates", "result":"DeleteReceived", "context":{"id":"a71ff389-8d10-4209-8c80-fcb8bdc88efb", "isDeleted:":"true", "version":"1727193114315"}}
{"logTime": "1117/084535", "correlationVector":"BojWVwr67gEw0tDUkeP55s.149","action":"GetUpdates", "result":"DeleteReceived", "context":{"id":"fc260007-7acf-4d71-aaf6-ab63d30f2d6d", "isDeleted:":"true", "version":"1727193114316"}}
{"logTime": "1117/084535", "correlationVector":"BojWVwr67gEw0tDUkeP55s.150","action":"GetUpdates", "result":"DeleteReceived", "context":{"id":"ecd3f37d-5216-452f-ba29-d1b6b8631b2d", "isDeleted:":"true", "version":"1727193114317"}}
{"logTime": "1117/084535", "correlationVector":"BojWVwr67gEw0tDUkeP55s.151","action":"GetUpdates", "result":"DeleteReceived", "context":{"id":"50912416-3fb9-497a-8cad-8ae072e099de", "isDeleted:":"true", "version":"1727193653849"}}
{"logTime": "1117/084535", "correlationVector":"BojWVwr67gEw0tDUkeP55s.152","action":"GetUpdates", "result":"DeleteReceived", "context":{"id":"28e9f76b-eb1f-434f-aa80-84ae5e51ec34", "isDeleted:":"true", "version":"1727196329704"}}
{"logTime": "1117/084535", "correlationVector":"BojWVwr67gEw0tDUkeP55s.153","action":"GetUpdates Response", "result":"Success", "context":Received 250 update(s). cV=BojWVwr67gEw0tDUkeP55s.0;server=GENERAL01000017;cloudType=Consumer;environment=Prod_SoutheastAsia_000j;migrationStage=NotStarted Some updates remain.}
{"logTime": "1117/084535", "correlationVector":"q3JKCZ2iSgnK79FN9xB4w/","action":"Initial GetUpdates", "result":"", "context":Reason: NEWLY_SUPPORTED_DATATYPE. cV=q3JKCZ2iSgnK79FN9xB4w/}
{"logTime": "1117/084536", "correlationVector":"q3JKCZ2iSgnK79FN9xB4w/.1","action":"SyncServerConnectionManagerRequest", "result":"SYNC_SERVER_OK", "context":{"environment":"Prod_SoutheastAsia_000j", "migrationStage":"NotStarted", "server":"GENERAL0100000N"}}
{"logTime": "1117/084536", "correlationVector":"q3JKCZ2iSgnK79FN9xB4w/.2","action":"GetUpdates", "result":"DeleteReceived", "context":{"id":"ff8efebe-2f01-4b38-b8f0-61d57e64834d", "isDeleted:":"true", "version":"1727269412358"}}
{"logTime": "1117/084536", "correlationVector":"q3JKCZ2iSgnK79FN9xB4w/.3","action":"GetUpdates", "result":"DeleteReceived", "context":{"id":"259a7f65-a62e-4667-9a69-3ad417475ec7", "isDeleted:":"true", "version":"1727269412359"}}
{"logTime": "1117/084536", "correlationVector":"q3JKCZ2iSgnK79FN9xB4w/.4","action":"GetUpdates", "result":"DeleteReceived", "context":{"id":"c9436c8b-d44a-448b-9d84-265cf4db4f91", "isDeleted:":"true", "version":"1727269412361"}}
{"logTime": "1117/084536", "correlationVector":"q3JKCZ2iSgnK79FN9xB4w/.5","action":"GetUpdates", "result":"DeleteReceived", "context":{"id":"84e6a7be-0df7-4b30-857b-7b087c30b3e9", "isDeleted:":"true", "version":"1727269881381"}}
{"logTime": "1117/084536", "correlationVector":"q3JKCZ2iSgnK79FN9xB4w/.6","action":"GetUpdates", "result":"DeleteReceived", "context":{"id":"4624e3fc-a8eb-4bb3-8113-c6169821725c", "isDeleted:":"true", "version":"1727269881382"}}
{"logTime": "1117/084536", "correlationVector":"q3JKCZ2iSgnK79FN9xB4w/.7","action":"GetUpdates", "result":"DeleteReceived", "context":{"id":"6c9acbf6-3312-4ebd-9cd4-e3af373001ce", "isDeleted:":"true", "version":"1727271042403"}}
{"logTime": "1117/084536", "correlationVector":"q3JKCZ2iSgnK79FN9xB4w/.8","action":"GetUpdates", "result":"DeleteReceived", "context":{"id":"9ef74755-49d3-4727-926d-c59f2e3b7b80", "isDeleted:":"true", "version":"1727271331807"}}
{"logTime": "1117/084536", "correlationVector":"q3JKCZ2iSgnK79FN9xB4w/.9","action":"GetUpdates", "result":"DeleteReceived", "context":{"id":"3c36ff0a-f110-47b8-8643-c8d72c26a6a7", "isDeleted:":"true", "version":"1727271759771"}}
{"logTime": "1117/084536", "correlationVector":"q3JKCZ2iSgnK79FN9xB4w/.10","action":"GetUpdates", "result":"DeleteReceived", "context":{"id":"a9fa1a8c-6f48-4f86-aa1b-da9f0ca4739f", "isDeleted:":"true", "version":"1727271759774"}}
{"logTime": "1117/084536", "correlationVector":"q3JKCZ2iSgnK79FN9xB4w/.11","action":"GetUpdates", "result":"DeleteReceived", "context":{"id":"35f60b91-0b20-4b28-98ac-840bbdc3f388", "isDeleted:":"true", "version":"1727273026115"}}
{"logTime": "1117/084536", "correlationVector":"q3JKCZ2iSgnK79FN9xB4w/.12","action":"GetUpdates", "result":"DeleteReceived", "context":{"id":"5ed3d244-f5d7-4f88-b21a-2c9d7ba9cb5b", "isDeleted:":"true", "version":"1727273026116"}}
{"logTime": "1117/084536", "correlationVector":"q3JKCZ2iSgnK79FN9xB4w/.13","action":"GetUpdates", "result":"DeleteReceived", "context":{"id":"52cfa858-5158-489e-9812-5380888aa6ef", "isDeleted:":"true", "version":"1727276048363"}}
{"logTime": "1117/084536", "correlationVector":"q3JKCZ2iSgnK79FN9xB4w/.14","action":"GetUpdates", "result":"DeleteReceived", "context":{"id":"3d4970b1-b72a-4543-aef3-0a13ea69c573", "isDeleted:":"true", "version":"1727276048364"}}
{"logTime": "1117/084536", "correlationVector":"q3JKCZ2iSgnK79FN9xB4w/.15","action":"GetUpdates", "result":"DeleteReceived", "context":{"id":"9a141c29-ea2a-452b-bfc8-ced85da36a1f", "isDeleted:":"true", "version":"1727276048366"}}
{"logTime": "1117/084536", "correlationVector":"q3JKCZ2iSgnK79FN9xB4w/.16","action":"GetUpdates", "result":"DeleteReceived", "context":{"id":"ae8aca19-5d3e-4a47-88c0-9e67c763504d", "isDeleted:":"true", "version":"1727276146281"}}
{"logTime": "1117/084536", "correlationVector":"q3JKCZ2iSgnK79FN9xB4w/.17","action":"GetUpdates", "result":"DeleteReceived", "context":{"id":"28dff6fc-2aa4-4243-b1bc-4e02db215f16", "isDeleted:":"true", "version":"1727276477410"}}
{"logTime": "1117/084536", "correlationVector":"q3JKCZ2iSgnK79FN9xB4w/.18","action":"GetUpdates", "result":"DeleteReceived", "context":{"id":"457e4c4c-b13f-4a78-b58b-bcd6779e8ede", "isDeleted:":"true", "version":"1727276477411"}}
{"logTime": "1117/084536", "correlationVector":"q3JKCZ2iSgnK79FN9xB4w/.19","action":"GetUpdates", "result":"DeleteReceived", "context":{"id":"9efb798d-6a0d-49c7-b8e1-8b2616d4c9ec", "isDeleted:":"true", "version":"1727276833997"}}
{"logTime": "1117/084536", "correlationVector":"q3JKCZ2iSgnK79FN9xB4w/.20","action":"GetUpdates", "result":"DeleteReceived", "context":{"id":"d2441e36-0cb3-4f30-ab27-67bb0a7867f4", "isDeleted:":"true", "version":"1727278210104"}}
{"logTime": "1117/084536", "correlationVector":"q3JKCZ2iSgnK79FN9xB4w/.21","action":"GetUpdates", "result":"DeleteReceived", "context":{"id":"cb0ec0cd-9f01-4bd4-8df3-45de223908ba", "isDeleted:":"true", "version":"1727278210105"}}
{"logTime": "1117/084536", "correlationVector":"q3JKCZ2iSgnK79FN9xB4w/.22","action":"GetUpdates", "result":"DeleteReceived", "context":{"id":"1588d3f4-cbf9-46f0-9016-2aa0a2d048d0", "isDeleted:":"true", "version":"1727278714459"}}
{"logTime": "1117/084536", "correlationVector":"q3JKCZ2iSgnK79FN9xB4w/.23","action":"GetUpdates", "result":"DeleteReceived", "context":{"id":"0358790b-f0c4-4344-b201-c47511f3e11a", "isDeleted:":"true", "version":"1727279573288"}}
{"logTime": "1117/084536", "correlationVector":"q3JKCZ2iSgnK79FN9xB4w/.24","action":"GetUpdates", "result":"DeleteReceived", "context":{"id":"5bc64c46-f153-4ca1-a5a9-7245e9c2ca88", "isDeleted:":"true", "version":"1727279573291"}}
{"logTime": "1117/084536", "correlationVector":"q3JKCZ2iSgnK79FN9xB4w/.25","action":"GetUpdates", "result":"DeleteReceived", "context":{"id":"2337e5e1-b665-4c73-bef9-99d9bee70290", "isDeleted:":"true", "version":"1727280605378"}}
{"logTime": "1117/084536", "correlationVector":"q3JKCZ2iSgnK79FN9xB4w/.26","action":"GetUpdates", "result":"DeleteReceived", "context":{"id":"6bd13822-add7-4510-a1d0-76969ffcb5d0", "isDeleted:":"true", "version":"1727281262619"}}
{"logTime": "1117/084536", "correlationVector":"q3JKCZ2iSgnK79FN9xB4w/.27","action":"GetUpdates", "result":"DeleteReceived", "context":{"id":"9fcd4eb1-4166-4369-8d99-78fe4446c292", "isDeleted:":"true", "version":"1727281751797"}}
{"logTime": "1117/084536", "correlationVector":"q3JKCZ2iSgnK79FN9xB4w/.28","action":"GetUpdates", "result":"DeleteReceived", "context":{"id":"7e8b56ca-8b64-499f-acb5-007fdb8d6e46", "isDeleted:":"true", "version":"1727281799133"}}
{"logTime": "1117/084536", "correlationVector":"q3JKCZ2iSgnK79FN9xB4w/.29","action":"GetUpdates", "result":"DeleteReceived", "context":{"id":"dde15076-3642-4751-a684-0e3572fea366", "isDeleted:":"true", "version":"1727282097783"}}
{"logTime": "1117/084536", "correlationVector":"q3JKCZ2iSgnK79FN9xB4w/.30","action":"GetUpdates", "result":"DeleteReceived", "context":{"id":"61a57589-0309-4322-9923-eb6e2e20366e", "isDeleted:":"true", "version":"1727282378950"}}
{"logTime": "1117/084536", "correlationVector":"q3JKCZ2iSgnK79FN9xB4w/.31","action":"GetUpdates", "result":"DeleteReceived", "context":{"id":"7df772f8-cd72-4a67-8ad4-882af4c70b7f", "isDeleted:":"true", "version":"1727282639730"}}
{"logTime": "1117/084536", "correlationVector":"q3JKCZ2iSgnK79FN9xB4w/.32","action":"GetUpdates", "result":"DeleteReceived", "context":{"id":"4e99bb6f-eeb1-430e-bb59-9ae91ef8ad5a", "isDeleted:":"true", "version":"1727283707865"}}
{"logTime": "1117/084536", "correlationVector":"q3JKCZ2iSgnK79FN9xB4w/.33","action":"GetUpdates", "result":"DeleteReceived", "context":{"id":"8ffb7646-69e8-41b2-90d7-60a08524d0dc", "isDeleted:":"true", "version":"1727284147927"}}
{"logTime": "1117/084536", "correlationVector":"q3JKCZ2iSgnK79FN9xB4w/.34","action":"GetUpdates", "result":"DeleteReceived", "context":{"id":"ae80ec65-4376-4a76-b89b-8bc12844ce35", "isDeleted:":"true", "version":"1727284147929"}}
{"logTime": "1117/084536", "correlationVector":"q3JKCZ2iSgnK79FN9xB4w/.35","action":"GetUpdates", "result":"DeleteReceived", "context":{"id":"6117e36d-5c74-4812-82c2-5c071c019ddf", "isDeleted:":"true", "version":"1727284147930"}}
{"logTime": "1117/084536", "correlationVector":"q3JKCZ2iSgnK79FN9xB4w/.36","action":"GetUpdates", "result":"DeleteReceived", "context":{"id":"3f272757-27e6-4293-ab8d-81403ac06b72", "isDeleted:":"true", "version":"1727285464031"}}
{"logTime": "1117/084536", "correlationVector":"q3JKCZ2iSgnK79FN9xB4w/.37","action":"GetUpdates", "result":"DeleteReceived", "context":{"id":"4ab6dfcf-9b11-440b-ae2b-e1e454591b63", "isDeleted:":"true", "version":"1727286750292"}}
{"logTime": "1117/084536", "correlationVector":"q3JKCZ2iSgnK79FN9xB4w/.38","action":"GetUpdates", "result":"DeleteReceived", "context":{"id":"54bf21b2-095b-4fd7-8a94-89aea46c0d26", "isDeleted:":"true", "version":"1727288643566"}}
{"logTime": "1117/084536", "correlationVector":"q3JKCZ2iSgnK79FN9xB4w/.39","action":"GetUpdates", "result":"DeleteReceived", "context":{"id":"e98ce7d8-544c-44b8-9c6c-e2937999fada", "isDeleted:":"true", "version":"1727288707459"}}
{"logTime": "1117/084536", "correlationVector":"q3JKCZ2iSgnK79FN9xB4w/.40","action":"GetUpdates", "result":"DeleteReceived", "context":{"id":"70691cd5-cad5-42c4-aa2c-bd74c943d313", "isDeleted:":"true", "version":"1727289050335"}}
{"logTime": "1117/084536", "correlationVector":"q3JKCZ2iSgnK79FN9xB4w/.41","action":"GetUpdates", "result":"DeleteReceived", "context":{"id":"f499091a-2e1f-4e49-b2d8-28b3a2e89075", "isDeleted:":"true", "version":"1727291034929"}}
{"logTime": "1117/084536", "correlationVector":"q3JKCZ2iSgnK79FN9xB4w/.42","action":"GetUpdates", "result":"DeleteReceived", "context":{"id":"dee76ecf-7610-4bb5-86d4-9ccc833e7b62", "isDeleted:":"true", "version":"1727291034931"}}
{"logTime": "1117/084536", "correlationVector":"q3JKCZ2iSgnK79FN9xB4w/.43","action":"GetUpdates", "result":"DeleteReceived", "context":{"id":"d1b02f52-6896-4729-9fa0-ccac618cabce", "isDeleted:":"true", "version":"1727291034934"}}
{"logTime": "1117/084536", "correlationVector":"q3JKCZ2iSgnK79FN9xB4w/.44","action":"GetUpdates", "result":"DeleteReceived", "context":{"id":"7d3e6adc-961e-474c-9fa9-f789a69527d6", "isDeleted:":"true", "version":"1727291034935"}}
{"logTime": "1117/084536", "correlationVector":"q3JKCZ2iSgnK79FN9xB4w/.45","action":"GetUpdates", "result":"DeleteReceived", "context":{"id":"2b0c149a-06a8-4c79-abd9-6183f4b2bc06", "isDeleted:":"true", "version":"1727291287167"}}
{"logTime": "1117/084536", "correlationVector":"q3JKCZ2iSgnK79FN9xB4w/.46","action":"GetUpdates", "result":"DeleteReceived", "context":{"id":"be4efa46-1e03-4276-affa-4d7de3c89739", "isDeleted:":"true", "version":"1727291287168"}}
{"logTime": "1117/084536", "correlationVector":"q3JKCZ2iSgnK79FN9xB4w/.47","action":"GetUpdates", "result":"DeleteReceived", "context":{"id":"696c8800-dbd0-431f-b5a7-c3d04e4be341", "isDeleted:":"true", "version":"1727291658198"}}
{"logTime": "1117/084536", "correlationVector":"q3JKCZ2iSgnK79FN9xB4w/.48","action":"GetUpdates", "result":"DeleteReceived", "context":{"id":"86992b91-8327-4283-94d0-4bff13b33fac", "isDeleted:":"true", "version":"1727294321449"}}
{"logTime": "1117/084536", "correlationVector":"q3JKCZ2iSgnK79FN9xB4w/.49","action":"GetUpdates", "result":"DeleteReceived", "context":{"id":"e9e966a0-8441-4672-b0c0-23cb7bd462bd", "isDeleted:":"true", "version":"1727295194056"}}
{"logTime": "1117/084536", "correlationVector":"q3JKCZ2iSgnK79FN9xB4w/.50","action":"GetUpdates", "result":"DeleteReceived", "context":{"id":"1fb19d10-d845-43e7-b718-f0772f927811", "isDeleted:":"true", "version":"1727295224668"}}
{"logTime": "1117/084536", "correlationVector":"q3JKCZ2iSgnK79FN9xB4w/.51","action":"GetUpdates", "result":"DeleteReceived", "context":{"id":"91125413-92a0-41cd-bc14-77d84f30dfb6", "isDeleted:":"true", "version":"1727321868753"}}
{"logTime": "1117/084536", "correlationVector":"q3JKCZ2iSgnK79FN9xB4w/.52","action":"GetUpdates", "result":"DeleteReceived", "context":{"id":"e16b2cc5-68bd-439f-981d-2c18d3c037c5", "isDeleted:":"true", "version":"1727365877899"}}
{"logTime": "1117/084536", "correlationVector":"q3JKCZ2iSgnK79FN9xB4w/.53","action":"GetUpdates", "result":"DeleteReceived", "context":{"id":"b47f571a-5b4e-4a00-a094-bf66c987f941", "isDeleted:":"true", "version":"1727428964287"}}
{"logTime": "1117/084536", "correlationVector":"q3JKCZ2iSgnK79FN9xB4w/.54","action":"GetUpdates", "result":"DeleteReceived", "context":{"id":"94946215-ccc7-42c4-af92-c117706c223d", "isDeleted:":"true", "version":"1727437445823"}}
{"logTime": "1117/084536", "correlationVector":"q3JKCZ2iSgnK79FN9xB4w/.55","action":"GetUpdates", "result":"DeleteReceived", "context":{"id":"bed1e73e-eae3-4230-891d-e5f4245ea660", "isDeleted:":"true", "version":"1727437445824"}}
{"logTime": "1117/084536", "correlationVector":"q3JKCZ2iSgnK79FN9xB4w/.56","action":"GetUpdates", "result":"DeleteReceived", "context":{"id":"3fc026d5-cc13-4570-8a09-ddfaa3795a26", "isDeleted:":"true", "version":"1727437445825"}}
{"logTime": "1117/084536", "correlationVector":"q3JKCZ2iSgnK79FN9xB4w/.57","action":"GetUpdates", "result":"DeleteReceived", "context":{"id":"70359053-3ea9-4de9-84d9-c3503d8ab750", "isDeleted:":"true", "version":"1727450899500"}}
{"logTime": "1117/084536", "correlationVector":"q3JKCZ2iSgnK79FN9xB4w/.58","action":"GetUpdates", "result":"DeleteReceived", "context":{"id":"6bfac452-b643-4c0d-abc7-7ea1ad4e28ed", "isDeleted:":"true", "version":"1727457872408"}}
{"logTime": "1117/084536", "correlationVector":"q3JKCZ2iSgnK79FN9xB4w/.59","action":"GetUpdates", "result":"DeleteReceived", "context":{"id":"15e64587-f5c9-4e21-82ca-9861e6328495", "isDeleted:":"true", "version":"1727458660958"}}
{"logTime": "1117/084536", "correlationVector":"q3JKCZ2iSgnK79FN9xB4w/.60","action":"GetUpdates", "result":"DeleteReceived", "context":{"id":"c777888b-6ab4-4734-940d-b134aa4507ed", "isDeleted:":"true", "version":"1727460065081"}}
{"logTime": "1117/084536", "correlationVector":"q3JKCZ2iSgnK79FN9xB4w/.61","action":"GetUpdates", "result":"DeleteReceived", "context":{"id":"405a0a29-8ab2-4ece-b446-cd9f6362a712", "isDeleted:":"true", "version":"1727461163798"}}
{"logTime": "1117/084536", "correlationVector":"q3JKCZ2iSgnK79FN9xB4w/.62","action":"GetUpdates", "result":"DeleteReceived", "context":{"id":"5f89d989-2b9b-447e-8da3-df1dd7a18b78", "isDeleted:":"true", "version":"1727467428278"}}
{"logTime": "1117/084536", "correlationVector":"q3JKCZ2iSgnK79FN9xB4w/.63","action":"GetUpdates", "result":"DeleteReceived", "context":{"id":"36809dff-93be-4e60-b6ad-7160c7dd4d81", "isDeleted:":"true", "version":"1727467428280"}}
{"logTime": "1117/084536", "correlationVector":"q3JKCZ2iSgnK79FN9xB4w/.64","action":"GetUpdates", "result":"DeleteReceived", "context":{"id":"b9c67d6d-5dae-47cc-8697-22974737214b", "isDeleted:":"true", "version":"1727499116009"}}
{"logTime": "1117/084536", "correlationVector":"q3JKCZ2iSgnK79FN9xB4w/.65","action":"GetUpdates", "result":"DeleteReceived", "context":{"id":"fb4e6b81-2e65-4522-b199-471e5aa161bc", "isDeleted:":"true", "version":"1727500348250"}}
{"logTime": "1117/084536", "correlationVector":"q3JKCZ2iSgnK79FN9xB4w/.66","action":"GetUpdates", "result":"DeleteReceived", "context":{"id":"c7c5f74f-7307-40fa-b1aa-187637f895a1", "isDeleted:":"true", "version":"1727501131125"}}
{"logTime": "1117/084536", "correlationVector":"q3JKCZ2iSgnK79FN9xB4w/.67","action":"GetUpdates", "result":"DeleteReceived", "context":{"id":"5fbbf588-148a-4a82-a8d8-fe742cde2149", "isDeleted:":"true", "version":"1727524782485"}}
{"logTime": "1117/084536", "correlationVector":"q3JKCZ2iSgnK79FN9xB4w/.68","action":"GetUpdates", "result":"DeleteReceived", "context":{"id":"e056d3bb-ad91-43e4-a79d-42b16e88d58f", "isDeleted:":"true", "version":"1727524782489"}}
{"logTime": "1117/084536", "correlationVector":"q3JKCZ2iSgnK79FN9xB4w/.69","action":"GetUpdates", "result":"DeleteReceived", "context":{"id":"b541896a-f04f-4964-bf6e-c11364e32c5d", "isDeleted:":"true", "version":"1727524902972"}}
{"logTime": "1117/084536", "correlationVector":"q3JKCZ2iSgnK79FN9xB4w/.70","action":"GetUpdates", "result":"DeleteReceived", "context":{"id":"6263ec9f-110b-48f1-a314-6e2131779fae", "isDeleted:":"true", "version":"1727537258754"}}
{"logTime": "1117/084536", "correlationVector":"q3JKCZ2iSgnK79FN9xB4w/.71","action":"GetUpdates", "result":"DeleteReceived", "context":{"id":"92bd2db2-cba5-414f-b947-43bf86bfadd0", "isDeleted:":"true", "version":"1727545560010"}}
{"logTime": "1117/084536", "correlationVector":"q3JKCZ2iSgnK79FN9xB4w/.72","action":"GetUpdates", "result":"DeleteReceived", "context":{"id":"3d671213-9824-4427-ac88-dac2f4dc53f1", "isDeleted:":"true", "version":"1727616896379"}}
{"logTime": "1117/084536", "correlationVector":"q3JKCZ2iSgnK79FN9xB4w/.73","action":"GetUpdates", "result":"DeleteReceived", "context":{"id":"0880c42d-afa0-4234-8304-41d9ae797aef", "isDeleted:":"true", "version":"1727620887755"}}
{"logTime": "1117/084536", "correlationVector":"q3JKCZ2iSgnK79FN9xB4w/.74","action":"GetUpdates", "result":"DeleteReceived", "context":{"id":"c28c6810-778e-4ea2-88ae-5713156b5461", "isDeleted:":"true", "version":"1727627362104"}}
{"logTime": "1117/084536", "correlationVector":"q3JKCZ2iSgnK79FN9xB4w/.75","action":"GetUpdates", "result":"DeleteReceived", "context":{"id":"c28d8e58-b71e-467a-87c9-8036728f0f8a", "isDeleted:":"true", "version":"1727628903008"}}
{"logTime": "1117/084536", "correlationVector":"q3JKCZ2iSgnK79FN9xB4w/.76","action":"GetUpdates", "result":"DeleteReceived", "context":{"id":"3da93ccd-43f5-477e-ad78-c8ab3b32c2ff", "isDeleted:":"true", "version":"1727628987271"}}
{"logTime": "1117/084536", "correlationVector":"q3JKCZ2iSgnK79FN9xB4w/.77","action":"GetUpdates", "result":"DeleteReceived", "context":{"id":"75750dad-edc6-43d4-afb4-3186ec73901b", "isDeleted:":"true", "version":"1727632323023"}}
{"logTime": "1117/084536", "correlationVector":"q3JKCZ2iSgnK79FN9xB4w/.78","action":"GetUpdates", "result":"DeleteReceived", "context":{"id":"758eff84-83c3-4b57-bf39-54fb26af7153", "isDeleted:":"true", "version":"1727632323026"}}
{"logTime": "1117/084536", "correlationVector":"q3JKCZ2iSgnK79FN9xB4w/.79","action":"GetUpdates", "result":"DeleteReceived", "context":{"id":"06c03f16-87ce-41ea-a377-6fdb8b34d60c", "isDeleted:":"true", "version":"1727632724100"}}
{"logTime": "1117/084536", "correlationVector":"q3JKCZ2iSgnK79FN9xB4w/.80","action":"GetUpdates", "result":"DeleteReceived", "context":{"id":"6d892cb6-9209-4b15-b764-ebae372c82ea", "isDeleted:":"true", "version":"1727632724102"}}
{"logTime": "1117/084536", "correlationVector":"q3JKCZ2iSgnK79FN9xB4w/.81","action":"GetUpdates", "result":"DeleteReceived", "context":{"id":"e309268c-f6da-4308-b710-fbec359d111e", "isDeleted:":"true", "version":"1727632724103"}}
{"logTime": "1117/084536", "correlationVector":"q3JKCZ2iSgnK79FN9xB4w/.82","action":"GetUpdates", "result":"DeleteReceived", "context":{"id":"b1a6ed45-2bb1-4f70-8efc-8893673494bc", "isDeleted:":"true", "version":"1727634063208"}}
{"logTime": "1117/084536", "correlationVector":"q3JKCZ2iSgnK79FN9xB4w/.83","action":"GetUpdates", "result":"DeleteReceived", "context":{"id":"75bb7675-2cda-453a-bdae-2ce200c05e80", "isDeleted:":"true", "version":"1727634063209"}}
{"logTime": "1117/084536", "correlationVector":"q3JKCZ2iSgnK79FN9xB4w/.84","action":"GetUpdates", "result":"DeleteReceived", "context":{"id":"10a18ec4-ef7b-4316-9046-0dcceffa9790", "isDeleted:":"true", "version":"1727634128084"}}
{"logTime": "1117/084536", "correlationVector":"q3JKCZ2iSgnK79FN9xB4w/.85","action":"GetUpdates", "result":"DeleteReceived", "context":{"id":"fcf54c79-e9f1-41e1-a0b6-898688fa4d1b", "isDeleted:":"true", "version":"1727634128085"}}
{"logTime": "1117/084536", "correlationVector":"q3JKCZ2iSgnK79FN9xB4w/.86","action":"GetUpdates", "result":"DeleteReceived", "context":{"id":"65caa3d2-48ba-4498-bb2f-05eae0c973ca", "isDeleted:":"true", "version":"1727665751043"}}
{"logTime": "1117/084536", "correlationVector":"q3JKCZ2iSgnK79FN9xB4w/.87","action":"GetUpdates", "result":"DeleteReceived", "context":{"id":"d9afd34e-17e9-4ebe-a325-3f9825ecf57f", "isDeleted:":"true", "version":"1727665751045"}}
{"logTime": "1117/084536", "correlationVector":"q3JKCZ2iSgnK79FN9xB4w/.88","action":"GetUpdates", "result":"DeleteReceived", "context":{"id":"b57c6332-1af3-4fea-ab8a-31eb3302dbe4", "isDeleted:":"true", "version":"1727665751047"}}
{"logTime": "1117/084536", "correlationVector":"q3JKCZ2iSgnK79FN9xB4w/.89","action":"GetUpdates", "result":"DeleteReceived", "context":{"id":"ee0f3a0b-dbe3-4690-ad0d-32b7c2d0949d", "isDeleted:":"true", "version":"1727665751048"}}
{"logTime": "1117/084536", "correlationVector":"q3JKCZ2iSgnK79FN9xB4w/.90","action":"GetUpdates", "result":"DeleteReceived", "context":{"id":"13b67f5c-8922-423f-ba6f-70d4b23e59ce", "isDeleted:":"true", "version":"1727665751049"}}
{"logTime": "1117/084536", "correlationVector":"q3JKCZ2iSgnK79FN9xB4w/.91","action":"GetUpdates", "result":"DeleteReceived", "context":{"id":"9c6028d6-8461-4a24-9f06-43721817ea17", "isDeleted:":"true", "version":"1727665751050"}}
{"logTime": "1117/084536", "correlationVector":"q3JKCZ2iSgnK79FN9xB4w/.92","action":"GetUpdates", "result":"DeleteReceived", "context":{"id":"be66499e-ee3d-417b-8f22-6bb43ed40a8f", "isDeleted:":"true", "version":"1727666042059"}}
{"logTime": "1117/084536", "correlationVector":"q3JKCZ2iSgnK79FN9xB4w/.93","action":"GetUpdates", "result":"DeleteReceived", "context":{"id":"bc652ca6-1bdc-4e02-9a9b-b7a8b739a2df", "isDeleted:":"true", "version":"1727666099159"}}
{"logTime": "1117/084536", "correlationVector":"q3JKCZ2iSgnK79FN9xB4w/.94","action":"GetUpdates", "result":"DeleteReceived", "context":{"id":"1b66b94a-d070-476e-8cfe-c6290ad669e9", "isDeleted:":"true", "version":"1727668278736"}}
{"logTime": "1117/084536", "correlationVector":"q3JKCZ2iSgnK79FN9xB4w/.95","action":"GetUpdates", "result":"DeleteReceived", "context":{"id":"93843994-d955-43d9-92d4-b98f2bd0bd79", "isDeleted:":"true", "version":"1727668278739"}}
{"logTime": "1117/084536", "correlationVector":"q3JKCZ2iSgnK79FN9xB4w/.96","action":"GetUpdates", "result":"DeleteReceived", "context":{"id":"1836491a-9d74-44dc-8f47-9d130439f671", "isDeleted:":"true", "version":"1727668511461"}}
{"logTime": "1117/084536", "correlationVector":"q3JKCZ2iSgnK79FN9xB4w/.97","action":"GetUpdates", "result":"DeleteReceived", "context":{"id":"7c727e3b-f8a4-4b00-925f-975edb92a341", "isDeleted:":"true", "version":"1727669232649"}}
{"logTime": "1117/084536", "correlationVector":"q3JKCZ2iSgnK79FN9xB4w/.98","action":"GetUpdates", "result":"DeleteReceived", "context":{"id":"e0a446f3-d878-460c-8e43-f163c245f4bd", "isDeleted:":"true", "version":"1727670609842"}}
{"logTime": "1117/084536", "correlationVector":"q3JKCZ2iSgnK79FN9xB4w/.99","action":"GetUpdates", "result":"DeleteReceived", "context":{"id":"a18f1575-4088-40e0-b86a-a4b5f863c984", "isDeleted:":"true", "version":"1727703651698"}}
{"logTime": "1117/084536", "correlationVector":"q3JKCZ2iSgnK79FN9xB4w/.100","action":"GetUpdates", "result":"DeleteReceived", "context":{"id":"8e5069a4-70ca-4948-873e-a211ac4395fb", "isDeleted:":"true", "version":"1727703651699"}}
{"logTime": "1117/084536", "correlationVector":"q3JKCZ2iSgnK79FN9xB4w/.101","action":"GetUpdates", "result":"DeleteReceived", "context":{"id":"a1018c93-4b57-42bd-bcf7-ce5a1d835939", "isDeleted:":"true", "version":"1727703651700"}}
{"logTime": "1117/084536", "correlationVector":"q3JKCZ2iSgnK79FN9xB4w/.102","action":"GetUpdates", "result":"DeleteReceived", "context":{"id":"484324bc-8e78-473f-a795-f781ee70b162", "isDeleted:":"true", "version":"1727703651702"}}
{"logTime": "1117/084536", "correlationVector":"q3JKCZ2iSgnK79FN9xB4w/.103","action":"GetUpdates", "result":"DeleteReceived", "context":{"id":"5dbf2ad7-85b2-4c90-ac42-88b7cd424e25", "isDeleted:":"true", "version":"1727703728318"}}
{"logTime": "1117/084536", "correlationVector":"q3JKCZ2iSgnK79FN9xB4w/.104","action":"GetUpdates", "result":"DeleteReceived", "context":{"id":"061a4e1e-4602-4475-962c-d5a0b7cd38e9", "isDeleted:":"true", "version":"1727703773157"}}
{"logTime": "1117/084536", "correlationVector":"q3JKCZ2iSgnK79FN9xB4w/.105","action":"GetUpdates", "result":"DeleteReceived", "context":{"id":"a4dba1e7-51ac-46bf-8463-5bc2b23390df", "isDeleted:":"true", "version":"1727703951090"}}
{"logTime": "1117/084536", "correlationVector":"q3JKCZ2iSgnK79FN9xB4w/.106","action":"GetUpdates", "result":"DeleteReceived", "context":{"id":"54e015c9-68c6-4b83-be33-e5386285a33a", "isDeleted:":"true", "version":"1727708202053"}}
{"logTime": "1117/084536", "correlationVector":"q3JKCZ2iSgnK79FN9xB4w/.107","action":"GetUpdates", "result":"DeleteReceived", "context":{"id":"aaf647b4-f833-43bc-b015-553c2ca3d6f4", "isDeleted:":"true", "version":"1727708582849"}}
{"logTime": "1117/084536", "correlationVector":"q3JKCZ2iSgnK79FN9xB4w/.108","action":"GetUpdates", "result":"DeleteReceived", "context":{"id":"b379dbc4-089b-476c-9c5a-5892941bd119", "isDeleted:":"true", "version":"1727709756652"}}
{"logTime": "1117/084536", "correlationVector":"q3JKCZ2iSgnK79FN9xB4w/.109","action":"GetUpdates", "result":"DeleteReceived", "context":{"id":"f660cc48-c363-4509-b4af-e716765d8d55", "isDeleted:":"true", "version":"1727709756656"}}
{"logTime": "1117/084536", "correlationVector":"q3JKCZ2iSgnK79FN9xB4w/.110","action":"GetUpdates", "result":"DeleteReceived", "context":{"id":"348cddfe-5a10-4614-899b-f4aeb299ee44", "isDeleted:":"true", "version":"1727709756660"}}
{"logTime": "1117/084536", "correlationVector":"q3JKCZ2iSgnK79FN9xB4w/.111","action":"GetUpdates", "result":"DeleteReceived", "context":{"id":"be1d337e-8d7d-4957-81e5-a62a33a3fef2", "isDeleted:":"true", "version":"1727710222831"}}
{"logTime": "1117/084536", "correlationVector":"q3JKCZ2iSgnK79FN9xB4w/.112","action":"GetUpdates", "result":"DeleteReceived", "context":{"id":"16ca78d4-90ec-4fe5-af46-f4c936669416", "isDeleted:":"true", "version":"1727710935249"}}
{"logTime": "1117/084536", "correlationVector":"q3JKCZ2iSgnK79FN9xB4w/.113","action":"GetUpdates", "result":"DeleteReceived", "context":{"id":"28fa6bc5-0dcb-4bf8-9c6f-851052276bff", "isDeleted:":"true", "version":"1727712792965"}}
{"logTime": "1117/084536", "correlationVector":"q3JKCZ2iSgnK79FN9xB4w/.114","action":"GetUpdates", "result":"DeleteReceived", "context":{"id":"441ef6a8-98ae-4ba8-ab06-4f47845e9583", "isDeleted:":"true", "version":"1727713867956"}}
{"logTime": "1117/084536", "correlationVector":"q3JKCZ2iSgnK79FN9xB4w/.115","action":"GetUpdates", "result":"DeleteReceived", "context":{"id":"2dca6b11-d81f-43f0-a67b-f87eda8346a7", "isDeleted:":"true", "version":"1727713973540"}}
{"logTime": "1117/084536", "correlationVector":"q3JKCZ2iSgnK79FN9xB4w/.116","action":"GetUpdates", "result":"DeleteReceived", "context":{"id":"03822fd6-a0e0-4009-967f-dd3f33a054fe", "isDeleted:":"true", "version":"1727713973541"}}
{"logTime": "1117/084536", "correlationVector":"q3JKCZ2iSgnK79FN9xB4w/.117","action":"GetUpdates", "result":"DeleteReceived", "context":{"id":"70a7ad20-e484-4a2b-8247-639a7aa9f851", "isDeleted:":"true", "version":"1727713973542"}}
{"logTime": "1117/084536", "correlationVector":"q3JKCZ2iSgnK79FN9xB4w/.118","action":"GetUpdates", "result":"DeleteReceived", "context":{"id":"5cf079b6-8885-4d39-b67b-82e537c31b9c", "isDeleted:":"true", "version":"1727713973543"}}
{"logTime": "1117/084536", "correlationVector":"q3JKCZ2iSgnK79FN9xB4w/.119","action":"GetUpdates", "result":"DeleteReceived", "context":{"id":"693c7adb-f13c-4c91-8c77-27224182c478", "isDeleted:":"true", "version":"1727713973544"}}
{"logTime": "1117/084536", "correlationVector":"q3JKCZ2iSgnK79FN9xB4w/.120","action":"GetUpdates", "result":"DeleteReceived", "context":{"id":"942896d8-81ec-488b-a399-2fae0d155b7b", "isDeleted:":"true", "version":"1727714577248"}}
{"logTime": "1117/084536", "correlationVector":"q3JKCZ2iSgnK79FN9xB4w/.121","action":"GetUpdates", "result":"DeleteReceived", "context":{"id":"dc054e04-4a09-4466-8bcb-871cb77bfe6b", "isDeleted:":"true", "version":"1727714577249"}}
{"logTime": "1117/084536", "correlationVector":"q3JKCZ2iSgnK79FN9xB4w/.122","action":"GetUpdates", "result":"DeleteReceived", "context":{"id":"04d6e95a-0aed-46d4-bc22-eff233b29937", "isDeleted:":"true", "version":"1727714579848"}}
{"logTime": "1117/084536", "correlationVector":"q3JKCZ2iSgnK79FN9xB4w/.123","action":"GetUpdates", "result":"DeleteReceived", "context":{"id":"eca500e4-10c2-4fd6-aa0a-7346529c6432", "isDeleted:":"true", "version":"1727717396118"}}
{"logTime": "1117/084536", "correlationVector":"q3JKCZ2iSgnK79FN9xB4w/.124","action":"GetUpdates", "result":"DeleteReceived", "context":{"id":"26088a9d-e137-4776-bcf2-0d81778cedf4", "isDeleted:":"true", "version":"1727717396119"}}
{"logTime": "1117/084536", "correlationVector":"q3JKCZ2iSgnK79FN9xB4w/.125","action":"GetUpdates", "result":"DeleteReceived", "context":{"id":"c6a2a0e4-12bb-4598-88d1-34cbe3efd306", "isDeleted:":"true", "version":"1727717396120"}}
{"logTime": "1117/084536", "correlationVector":"q3JKCZ2iSgnK79FN9xB4w/.126","action":"GetUpdates", "result":"DeleteReceived", "context":{"id":"8ba54f33-7993-4a2c-a2f7-cf502b013d19", "isDeleted:":"true", "version":"1727719630609"}}
{"logTime": "1117/084536", "correlationVector":"q3JKCZ2iSgnK79FN9xB4w/.127","action":"GetUpdates", "result":"DeleteReceived", "context":{"id":"ef11aa72-f0b6-423b-837c-32083f80ccb4", "isDeleted:":"true", "version":"1727721576858"}}
{"logTime": "1117/084536", "correlationVector":"q3JKCZ2iSgnK79FN9xB4w/.128","action":"GetUpdates", "result":"DeleteReceived", "context":{"id":"7fd3d7ec-b54e-440c-8c20-779653c4f2fb", "isDeleted:":"true", "version":"1727721889121"}}
{"logTime": "1117/084536", "correlationVector":"q3JKCZ2iSgnK79FN9xB4w/.129","action":"GetUpdates", "result":"DeleteReceived", "context":{"id":"42fd4ba6-a4e1-43cd-bd04-64aef55193ad", "isDeleted:":"true", "version":"1727721902462"}}
{"logTime": "1117/084536", "correlationVector":"q3JKCZ2iSgnK79FN9xB4w/.130","action":"GetUpdates", "result":"DeleteReceived", "context":{"id":"25e420cb-86fa-4755-8a42-ad31f40850d1", "isDeleted:":"true", "version":"1727769062643"}}
{"logTime": "1117/084536", "correlationVector":"q3JKCZ2iSgnK79FN9xB4w/.131","action":"GetUpdates", "result":"DeleteReceived", "context":{"id":"d7646d98-12c5-4ed7-a343-97e5b4c417a4", "isDeleted:":"true", "version":"1727769062644"}}
{"logTime": "1117/084536", "correlationVector":"q3JKCZ2iSgnK79FN9xB4w/.132","action":"GetUpdates", "result":"DeleteReceived", "context":{"id":"06e22447-eb8a-43ac-8112-cf1ace8b5247", "isDeleted:":"true", "version":"1727866661847"}}
{"logTime": "1117/084536", "correlationVector":"q3JKCZ2iSgnK79FN9xB4w/.133","action":"GetUpdates", "result":"DeleteReceived", "context":{"id":"e1c4ce6b-16c9-49bd-a62c-9d32c38e591e", "isDeleted:":"true", "version":"1727888107858"}}
{"logTime": "1117/084536", "correlationVector":"q3JKCZ2iSgnK79FN9xB4w/.134","action":"GetUpdates", "result":"DeleteReceived", "context":{"id":"0da3c9b7-80d9-47fe-8838-910660068700", "isDeleted:":"true", "version":"1727889928252"}}
{"logTime": "1117/084536", "correlationVector":"q3JKCZ2iSgnK79FN9xB4w/.135","action":"GetUpdates", "result":"DeleteReceived", "context":{"id":"922b81b3-184b-4ba9-8551-597a6718acaf", "isDeleted:":"true", "version":"1727890034636"}}
{"logTime": "1117/084536", "correlationVector":"q3JKCZ2iSgnK79FN9xB4w/.136","action":"GetUpdates", "result":"DeleteReceived", "context":{"id":"09c8cd32-2387-425e-a497-51149b0cc950", "isDeleted:":"true", "version":"1727890065729"}}
{"logTime": "1117/084536", "correlationVector":"q3JKCZ2iSgnK79FN9xB4w/.137","action":"GetUpdates", "result":"DeleteReceived", "context":{"id":"d8917aa2-ade2-4f7e-ab34-db7ee67df17a", "isDeleted:":"true", "version":"1727891297921"}}
{"logTime": "1117/084536", "correlationVector":"q3JKCZ2iSgnK79FN9xB4w/.138","action":"GetUpdates", "result":"DeleteReceived", "context":{"id":"154aae37-32fa-4bb7-8b00-9c944e0ea91d", "isDeleted:":"true", "version":"1727892529615"}}
{"logTime": "1117/084536", "correlationVector":"q3JKCZ2iSgnK79FN9xB4w/.139","action":"GetUpdates", "result":"DeleteReceived", "context":{"id":"0b6191c6-2fab-499d-8ed8-2615c2ac7ddb", "isDeleted:":"true", "version":"1727893173564"}}
{"logTime": "1117/084536", "correlationVector":"q3JKCZ2iSgnK79FN9xB4w/.140","action":"GetUpdates", "result":"DeleteReceived", "context":{"id":"a5ec101d-b493-4ab3-a467-4eddc17fbe93", "isDeleted:":"true", "version":"1727893393382"}}
{"logTime": "1117/084536", "correlationVector":"q3JKCZ2iSgnK79FN9xB4w/.141","action":"GetUpdates", "result":"DeleteReceived", "context":{"id":"b326ca29-9af7-4358-b53a-f20261803b6d", "isDeleted:":"true", "version":"1727893446975"}}
{"logTime": "1117/084536", "correlationVector":"q3JKCZ2iSgnK79FN9xB4w/.142","action":"GetUpdates", "result":"DeleteReceived", "context":{"id":"4d127ad9-a582-4207-be4f-ffc2fffa3e5c", "isDeleted:":"true", "version":"1727940313357"}}
{"logTime": "1117/084536", "correlationVector":"q3JKCZ2iSgnK79FN9xB4w/.143","action":"GetUpdates", "result":"DeleteReceived", "context":{"id":"050f3add-0ede-4f38-9fe3-03f7b416be77", "isDeleted:":"true", "version":"1727941920538"}}
{"logTime": "1117/084536", "correlationVector":"q3JKCZ2iSgnK79FN9xB4w/.144","action":"GetUpdates", "result":"DeleteReceived", "context":{"id":"0cafb374-8166-4647-bb64-cd0608740528", "isDeleted:":"true", "version":"1727942158820"}}
{"logTime": "1117/084536", "correlationVector":"q3JKCZ2iSgnK79FN9xB4w/.145","action":"GetUpdates", "result":"DeleteReceived", "context":{"id":"3e237562-44cc-4b44-ba4f-9b4f1cbb7f0b", "isDeleted:":"true", "version":"1727943633995"}}
{"logTime": "1117/084536", "correlationVector":"q3JKCZ2iSgnK79FN9xB4w/.146","action":"GetUpdates", "result":"DeleteReceived", "context":{"id":"7269cc43-3ecf-4d18-a81a-fd284ee3f03b", "isDeleted:":"true", "version":"1727943684537"}}
{"logTime": "1117/084536", "correlationVector":"q3JKCZ2iSgnK79FN9xB4w/.147","action":"GetUpdates", "result":"DeleteReceived", "context":{"id":"b5530bf2-ef09-4e23-9149-c0d0ff01718c", "isDeleted:":"true", "version":"1727943684538"}}
{"logTime": "1117/084536", "correlationVector":"q3JKCZ2iSgnK79FN9xB4w/.148","action":"GetUpdates", "result":"DeleteReceived", "context":{"id":"48670b82-510a-45ba-ba76-f58ed62e9db5", "isDeleted:":"true", "version":"1727944053939"}}
{"logTime": "1117/084536", "correlationVector":"q3JKCZ2iSgnK79FN9xB4w/.149","action":"GetUpdates", "result":"DeleteReceived", "context":{"id":"fc617fc4-28c4-49a0-bf28-8a0eebd24d60", "isDeleted:":"true", "version":"1727944134698"}}
{"logTime": "1117/084536", "correlationVector":"q3JKCZ2iSgnK79FN9xB4w/.150","action":"GetUpdates", "result":"DeleteReceived", "context":{"id":"5c25eb16-7cba-4702-a509-a7585879e10c", "isDeleted:":"true", "version":"1727955348836"}}
{"logTime": "1117/084536", "correlationVector":"q3JKCZ2iSgnK79FN9xB4w/.151","action":"GetUpdates", "result":"DeleteReceived", "context":{"id":"c5769624-a5c8-4e47-b14b-e242cb7ad038", "isDeleted:":"true", "version":"1727955348837"}}
{"logTime": "1117/084536", "correlationVector":"q3JKCZ2iSgnK79FN9xB4w/.152","action":"GetUpdates", "result":"DeleteReceived", "context":{"id":"af7e927f-8043-4840-95f7-190cdd6500c8", "isDeleted:":"true", "version":"1727963955753"}}
{"logTime": "1117/084536", "correlationVector":"q3JKCZ2iSgnK79FN9xB4w/.153","action":"GetUpdates", "result":"DeleteReceived", "context":{"id":"545d745c-73ba-4317-885f-19fd531dbe57", "isDeleted:":"true", "version":"1727964336383"}}
{"logTime": "1117/084536", "correlationVector":"q3JKCZ2iSgnK79FN9xB4w/.154","action":"GetUpdates", "result":"DeleteReceived", "context":{"id":"0a8ee2a8-72ee-4c81-bb0b-5a231efe32df", "isDeleted:":"true", "version":"1727964336387"}}
{"logTime": "1117/084536", "correlationVector":"q3JKCZ2iSgnK79FN9xB4w/.155","action":"GetUpdates", "result":"DeleteReceived", "context":{"id":"bce4ada0-7705-4918-8cb7-0f17b6082b25", "isDeleted:":"true", "version":"1727964430799"}}
{"logTime": "1117/084536", "correlationVector":"q3JKCZ2iSgnK79FN9xB4w/.156","action":"GetUpdates", "result":"DeleteReceived", "context":{"id":"83e2eb4b-1e4d-4e08-b307-c452c5a69bc6", "isDeleted:":"true", "version":"1727964461865"}}
{"logTime": "1117/084536", "correlationVector":"q3JKCZ2iSgnK79FN9xB4w/.157","action":"GetUpdates", "result":"DeleteReceived", "context":{"id":"1ca1abe2-2d16-4067-a40d-a8abb578648a", "isDeleted:":"true", "version":"1727965062188"}}
{"logTime": "1117/084536", "correlationVector":"q3JKCZ2iSgnK79FN9xB4w/.158","action":"GetUpdates", "result":"DeleteReceived", "context":{"id":"d813e210-2d70-48f0-a3cb-fde42ad1315d", "isDeleted:":"true", "version":"1727965062189"}}
{"logTime": "1117/084536", "correlationVector":"q3JKCZ2iSgnK79FN9xB4w/.159","action":"GetUpdates", "result":"DeleteReceived", "context":{"id":"0b192d35-e851-4977-afe1-a6b17082efa3", "isDeleted:":"true", "version":"1727965459848"}}
{"logTime": "1117/084536", "correlationVector":"q3JKCZ2iSgnK79FN9xB4w/.160","action":"GetUpdates", "result":"DeleteReceived", "context":{"id":"9f69b75b-ae25-4dbd-833c-d46819010163", "isDeleted:":"true", "version":"1727966191028"}}
{"logTime": "1117/084536", "correlationVector":"q3JKCZ2iSgnK79FN9xB4w/.161","action":"GetUpdates Response", "result":"Success", "context":Received 250 update(s). cV=q3JKCZ2iSgnK79FN9xB4w/.0;server=GENERAL0100000N;cloudType=Consumer;environment=Prod_SoutheastAsia_000j;migrationStage=NotStarted Some updates remain.}
{"logTime": "1117/084536", "correlationVector":"c4s8/4j7GfIre8/t/ddoRT","action":"Initial GetUpdates", "result":"", "context":Reason: NEWLY_SUPPORTED_DATATYPE. cV=c4s8/4j7GfIre8/t/ddoRT}
{"logTime": "1117/084537", "correlationVector":"c4s8/4j7GfIre8/t/ddoRT.1","action":"SyncServerConnectionManagerRequest", "result":"SYNC_SERVER_OK", "context":{"environment":"Prod_SoutheastAsia_000j", "migrationStage":"NotStarted", "server":"GENERAL03000000"}}
{"logTime": "1117/084537", "correlationVector":"c4s8/4j7GfIre8/t/ddoRT.2","action":"GetUpdates", "result":"DeleteReceived", "context":{"id":"068fb91b-76cf-4590-89f6-3f6739c020da", "isDeleted:":"true", "version":"1727966491441"}}
{"logTime": "1117/084537", "correlationVector":"c4s8/4j7GfIre8/t/ddoRT.3","action":"GetUpdates", "result":"DeleteReceived", "context":{"id":"5ede7fdc-e55b-48ec-9546-06049de17459", "isDeleted:":"true", "version":"1727967508641"}}
{"logTime": "1117/084537", "correlationVector":"c4s8/4j7GfIre8/t/ddoRT.4","action":"GetUpdates", "result":"DeleteReceived", "context":{"id":"fd01918f-9fe0-4129-8fe6-008b28a0f1a6", "isDeleted:":"true", "version":"1727967716033"}}
{"logTime": "1117/084537", "correlationVector":"c4s8/4j7GfIre8/t/ddoRT.5","action":"GetUpdates", "result":"DeleteReceived", "context":{"id":"b5b34e12-77e5-4a10-80d4-418bdceaf234", "isDeleted:":"true", "version":"1727968985543"}}
{"logTime": "1117/084537", "correlationVector":"c4s8/4j7GfIre8/t/ddoRT.6","action":"GetUpdates", "result":"DeleteReceived", "context":{"id":"0464955a-6064-4608-9811-b7de12ed5d86", "isDeleted:":"true", "version":"1727968990498"}}
{"logTime": "1117/084537", "correlationVector":"c4s8/4j7GfIre8/t/ddoRT.7","action":"GetUpdates", "result":"DeleteReceived", "context":{"id":"1929551a-a444-4a3a-976d-874f81a8eb0b", "isDeleted:":"true", "version":"1727968990499"}}
{"logTime": "1117/084537", "correlationVector":"c4s8/4j7GfIre8/t/ddoRT.8","action":"GetUpdates", "result":"DeleteReceived", "context":{"id":"a6a43b16-e24c-40f9-92ca-13c7b6b96a32", "isDeleted:":"true", "version":"1727969355048"}}
{"logTime": "1117/084537", "correlationVector":"c4s8/4j7GfIre8/t/ddoRT.9","action":"GetUpdates", "result":"DeleteReceived", "context":{"id":"f9e532a4-a771-4690-833e-f02aeca53a33", "isDeleted:":"true", "version":"1727971538408"}}
{"logTime": "1117/084537", "correlationVector":"c4s8/4j7GfIre8/t/ddoRT.10","action":"GetUpdates", "result":"DeleteReceived", "context":{"id":"f3aa91ab-350c-478f-8cd5-c3d5b7898cb9", "isDeleted:":"true", "version":"1727971660450"}}
{"logTime": "1117/084537", "correlationVector":"c4s8/4j7GfIre8/t/ddoRT.11","action":"GetUpdates", "result":"DeleteReceived", "context":{"id":"60da3bcb-22de-44e0-9039-63e6e9ed45c0", "isDeleted:":"true", "version":"1727973393878"}}
{"logTime": "1117/084537", "correlationVector":"c4s8/4j7GfIre8/t/ddoRT.12","action":"GetUpdates", "result":"DeleteReceived", "context":{"id":"ee9a7ad6-dcf4-468b-b775-d8b517927322", "isDeleted:":"true", "version":"1727974242062"}}
{"logTime": "1117/084537", "correlationVector":"c4s8/4j7GfIre8/t/ddoRT.13","action":"GetUpdates", "result":"DeleteReceived", "context":{"id":"d1a60944-c7d5-4132-b6bd-53429d6d24e3", "isDeleted:":"true", "version":"1727974645868"}}
{"logTime": "1117/084537", "correlationVector":"c4s8/4j7GfIre8/t/ddoRT.14","action":"GetUpdates", "result":"DeleteReceived", "context":{"id":"3ed646eb-74b3-496b-a40b-78c18786ed1b", "isDeleted:":"true", "version":"1727974743340"}}
{"logTime": "1117/084537", "correlationVector":"c4s8/4j7GfIre8/t/ddoRT.15","action":"GetUpdates", "result":"DeleteReceived", "context":{"id":"96503750-eaa1-445b-bfa2-df7a8dbd2d55", "isDeleted:":"true", "version":"1727975097477"}}
{"logTime": "1117/084537", "correlationVector":"c4s8/4j7GfIre8/t/ddoRT.16","action":"GetUpdates", "result":"DeleteReceived", "context":{"id":"1d721fea-4217-4c76-a978-04866389404e", "isDeleted:":"true", "version":"1727976105952"}}
{"logTime": "1117/084537", "correlationVector":"c4s8/4j7GfIre8/t/ddoRT.17","action":"GetUpdates", "result":"DeleteReceived", "context":{"id":"a23dee45-5cab-4166-89c6-78d5bd51a150", "isDeleted:":"true", "version":"1727976105953"}}
{"logTime": "1117/084537", "correlationVector":"c4s8/4j7GfIre8/t/ddoRT.18","action":"GetUpdates", "result":"DeleteReceived", "context":{"id":"491e1d69-0a2b-45a6-bcc4-d1b7e9c57294", "isDeleted:":"true", "version":"1727976105954"}}
{"logTime": "1117/084537", "correlationVector":"c4s8/4j7GfIre8/t/ddoRT.19","action":"GetUpdates", "result":"DeleteReceived", "context":{"id":"acfd1c38-10eb-4834-a8a4-1e15080dd7bb", "isDeleted:":"true", "version":"1728049347571"}}
{"logTime": "1117/084537", "correlationVector":"c4s8/4j7GfIre8/t/ddoRT.20","action":"GetUpdates", "result":"DeleteReceived", "context":{"id":"6db63a66-8711-4d6a-a916-260386df98be", "isDeleted:":"true", "version":"1728049387989"}}
{"logTime": "1117/084537", "correlationVector":"c4s8/4j7GfIre8/t/ddoRT.21","action":"GetUpdates", "result":"DeleteReceived", "context":{"id":"097fab36-0f93-4ac3-a678-91dcd5549fd2", "isDeleted:":"true", "version":"1728050319082"}}
{"logTime": "1117/084537", "correlationVector":"c4s8/4j7GfIre8/t/ddoRT.22","action":"GetUpdates", "result":"DeleteReceived", "context":{"id":"f1d23831-59f1-4f74-b290-b6c37252022d", "isDeleted:":"true", "version":"1728050887023"}}
{"logTime": "1117/084537", "correlationVector":"c4s8/4j7GfIre8/t/ddoRT.23","action":"GetUpdates", "result":"DeleteReceived", "context":{"id":"7256b8ab-fb00-412f-bb4c-2fac7f910be5", "isDeleted:":"true", "version":"1728051333989"}}
{"logTime": "1117/084537", "correlationVector":"c4s8/4j7GfIre8/t/ddoRT.24","action":"GetUpdates", "result":"DeleteReceived", "context":{"id":"89563808-26ff-41c6-a0ef-343c5a49d4f6", "isDeleted:":"true", "version":"1728051395871"}}
{"logTime": "1117/084537", "correlationVector":"c4s8/4j7GfIre8/t/ddoRT.25","action":"GetUpdates", "result":"DeleteReceived", "context":{"id":"27a056c2-8da0-4651-8ce3-e68bc098cbe5", "isDeleted:":"true", "version":"1728051815198"}}
{"logTime": "1117/084537", "correlationVector":"c4s8/4j7GfIre8/t/ddoRT.26","action":"GetUpdates", "result":"DeleteReceived", "context":{"id":"c281a910-bb5f-40ed-b48a-1c3859a25f45", "isDeleted:":"true", "version":"1728051815199"}}
{"logTime": "1117/084537", "correlationVector":"c4s8/4j7GfIre8/t/ddoRT.27","action":"GetUpdates", "result":"DeleteReceived", "context":{"id":"6d122def-9b2f-4786-9f22-86b864c022e2", "isDeleted:":"true", "version":"1728052611381"}}
{"logTime": "1117/084537", "correlationVector":"c4s8/4j7GfIre8/t/ddoRT.28","action":"GetUpdates", "result":"DeleteReceived", "context":{"id":"d5faf152-b67f-4a44-b06a-0f3d575872b8", "isDeleted:":"true", "version":"1728053238829"}}
{"logTime": "1117/084537", "correlationVector":"c4s8/4j7GfIre8/t/ddoRT.29","action":"GetUpdates", "result":"DeleteReceived", "context":{"id":"9a5b4487-24e4-4fa3-bfc4-cf25fbb20f27", "isDeleted:":"true", "version":"1728055363727"}}
{"logTime": "1117/084537", "correlationVector":"c4s8/4j7GfIre8/t/ddoRT.30","action":"GetUpdates", "result":"DeleteReceived", "context":{"id":"4a82cddb-fbbc-4bc3-991f-23c93008b80c", "isDeleted:":"true", "version":"1728056314362"}}
{"logTime": "1117/084537", "correlationVector":"c4s8/4j7GfIre8/t/ddoRT.31","action":"GetUpdates", "result":"DeleteReceived", "context":{"id":"4549343b-301f-4f1c-ba74-20ffdc54aa56", "isDeleted:":"true", "version":"1728056407877"}}
{"logTime": "1117/084537", "correlationVector":"c4s8/4j7GfIre8/t/ddoRT.32","action":"GetUpdates", "result":"DeleteReceived", "context":{"id":"7156eb64-a363-4000-a890-a24363f9fe4d", "isDeleted:":"true", "version":"1728056582474"}}
{"logTime": "1117/084537", "correlationVector":"c4s8/4j7GfIre8/t/ddoRT.33","action":"GetUpdates", "result":"DeleteReceived", "context":{"id":"66b43434-5a8d-40ea-8bff-b0c6a2018612", "isDeleted:":"true", "version":"1728056850246"}}
{"logTime": "1117/084537", "correlationVector":"c4s8/4j7GfIre8/t/ddoRT.34","action":"GetUpdates", "result":"DeleteReceived", "context":{"id":"d186c043-1bc9-4fc0-a17e-2897aab9d1d9", "isDeleted:":"true", "version":"1728057584699"}}
{"logTime": "1117/084537", "correlationVector":"c4s8/4j7GfIre8/t/ddoRT.35","action":"GetUpdates", "result":"DeleteReceived", "context":{"id":"4a0b0ad4-c3d9-4b6b-8d70-0f2cdd67c4e7", "isDeleted:":"true", "version":"1728057617077"}}
{"logTime": "1117/084537", "correlationVector":"c4s8/4j7GfIre8/t/ddoRT.36","action":"GetUpdates", "result":"DeleteReceived", "context":{"id":"5c36489c-9e34-4c1e-87b6-0293d81858cf", "isDeleted:":"true", "version":"1728058719831"}}
{"logTime": "1117/084537", "correlationVector":"c4s8/4j7GfIre8/t/ddoRT.37","action":"GetUpdates", "result":"DeleteReceived", "context":{"id":"a3508357-f0bb-48d9-adbe-567eeb28ed88", "isDeleted:":"true", "version":"1728062150131"}}
{"logTime": "1117/084537", "correlationVector":"c4s8/4j7GfIre8/t/ddoRT.38","action":"GetUpdates", "result":"DeleteReceived", "context":{"id":"41def014-96bf-4c20-8747-160ce6990485", "isDeleted:":"true", "version":"1728062210317"}}
{"logTime": "1117/084537", "correlationVector":"c4s8/4j7GfIre8/t/ddoRT.39","action":"GetUpdates", "result":"DeleteReceived", "context":{"id":"df557761-9416-4f11-a8f6-718f8567d250", "isDeleted:":"true", "version":"1728062210318"}}
{"logTime": "1117/084537", "correlationVector":"c4s8/4j7GfIre8/t/ddoRT.40","action":"GetUpdates", "result":"DeleteReceived", "context":{"id":"b02f2376-f2d7-4dce-b46b-206004c8e989", "isDeleted:":"true", "version":"1728063330366"}}
{"logTime": "1117/084537", "correlationVector":"c4s8/4j7GfIre8/t/ddoRT.41","action":"GetUpdates", "result":"DeleteReceived", "context":{"id":"39966b2b-d75a-432e-8dcc-837fcc091913", "isDeleted:":"true", "version":"1728112704765"}}
{"logTime": "1117/084537", "correlationVector":"c4s8/4j7GfIre8/t/ddoRT.42","action":"GetUpdates", "result":"DeleteReceived", "context":{"id":"7d7b6d10-2b00-4db8-85b2-47ad69618870", "isDeleted:":"true", "version":"1728113905680"}}
{"logTime": "1117/084537", "correlationVector":"c4s8/4j7GfIre8/t/ddoRT.43","action":"GetUpdates", "result":"DeleteReceived", "context":{"id":"a8f75c79-c97a-4924-84e5-9b325d2f4d69", "isDeleted:":"true", "version":"1728118137131"}}
{"logTime": "1117/084537", "correlationVector":"c4s8/4j7GfIre8/t/ddoRT.44","action":"GetUpdates", "result":"DeleteReceived", "context":{"id":"97e19be5-6010-457c-a935-425ef45a888d", "isDeleted:":"true", "version":"1728119020513"}}
{"logTime": "1117/084537", "correlationVector":"c4s8/4j7GfIre8/t/ddoRT.45","action":"GetUpdates", "result":"DeleteReceived", "context":{"id":"84908e6a-c19d-4b64-ac3a-aff25e10094e", "isDeleted:":"true", "version":"1728119962067"}}
{"logTime": "1117/084537", "correlationVector":"c4s8/4j7GfIre8/t/ddoRT.46","action":"GetUpdates", "result":"DeleteReceived", "context":{"id":"37746cae-5776-4b35-8070-4eac9eac4f43", "isDeleted:":"true", "version":"1728123202376"}}
{"logTime": "1117/084537", "correlationVector":"c4s8/4j7GfIre8/t/ddoRT.47","action":"GetUpdates", "result":"DeleteReceived", "context":{"id":"ba15d153-46a4-4d6e-a0b9-ccdfacdd78c5", "isDeleted:":"true", "version":"1728124457550"}}
{"logTime": "1117/084537", "correlationVector":"c4s8/4j7GfIre8/t/ddoRT.48","action":"GetUpdates", "result":"DeleteReceived", "context":{"id":"99f7855f-068b-4a35-90e8-4252853501ec", "isDeleted:":"true", "version":"1728125971011"}}
{"logTime": "1117/084537", "correlationVector":"c4s8/4j7GfIre8/t/ddoRT.49","action":"GetUpdates", "result":"DeleteReceived", "context":{"id":"b182725a-a37a-4a77-bc71-872377314325", "isDeleted:":"true", "version":"1728146909343"}}
{"logTime": "1117/084537", "correlationVector":"c4s8/4j7GfIre8/t/ddoRT.50","action":"GetUpdates", "result":"DeleteReceived", "context":{"id":"0e00e205-f9f7-4281-8db6-274a25d988c1", "isDeleted:":"true", "version":"1728146909344"}}
{"logTime": "1117/084537", "correlationVector":"c4s8/4j7GfIre8/t/ddoRT.51","action":"GetUpdates", "result":"DeleteReceived", "context":{"id":"bbf5bba3-e3b4-4f15-b401-4bd4a103a4ae", "isDeleted:":"true", "version":"1728147635983"}}
{"logTime": "1117/084537", "correlationVector":"c4s8/4j7GfIre8/t/ddoRT.52","action":"GetUpdates", "result":"DeleteReceived", "context":{"id":"21ef38c1-d7cc-48fc-9c62-6c1332d49ac1", "isDeleted:":"true", "version":"1728148967156"}}
{"logTime": "1117/084537", "correlationVector":"c4s8/4j7GfIre8/t/ddoRT.53","action":"GetUpdates", "result":"DeleteReceived", "context":{"id":"d6519049-a9ae-4596-ab9c-3e16dcb7b3aa", "isDeleted:":"true", "version":"1728148967157"}}
{"logTime": "1117/084537", "correlationVector":"c4s8/4j7GfIre8/t/ddoRT.54","action":"GetUpdates", "result":"DeleteReceived", "context":{"id":"0803d388-1ae0-45ab-b6f8-915b1229b1e2", "isDeleted:":"true", "version":"1728151687344"}}
{"logTime": "1117/084537", "correlationVector":"c4s8/4j7GfIre8/t/ddoRT.55","action":"GetUpdates", "result":"DeleteReceived", "context":{"id":"83cc8e8d-eef8-4695-a0d9-8af3d4d69a0f", "isDeleted:":"true", "version":"1728152056226"}}
{"logTime": "1117/084537", "correlationVector":"c4s8/4j7GfIre8/t/ddoRT.56","action":"GetUpdates", "result":"DeleteReceived", "context":{"id":"0ae2f40c-cea3-4d36-a09e-1ca1c632f93e", "isDeleted:":"true", "version":"1728153943489"}}
{"logTime": "1117/084537", "correlationVector":"c4s8/4j7GfIre8/t/ddoRT.57","action":"GetUpdates", "result":"DeleteReceived", "context":{"id":"6414c3f6-f01b-4bed-87a3-7a2207b10864", "isDeleted:":"true", "version":"1728156976889"}}
{"logTime": "1117/084537", "correlationVector":"c4s8/4j7GfIre8/t/ddoRT.58","action":"GetUpdates", "result":"DeleteReceived", "context":{"id":"a71a63dc-b300-4067-a0fb-cafff96b1f53", "isDeleted:":"true", "version":"1728156976890"}}
{"logTime": "1117/084537", "correlationVector":"c4s8/4j7GfIre8/t/ddoRT.59","action":"GetUpdates", "result":"DeleteReceived", "context":{"id":"31dd8b4a-6c34-4073-8a2d-6d63a58d10b6", "isDeleted:":"true", "version":"1728156976891"}}
{"logTime": "1117/084537", "correlationVector":"c4s8/4j7GfIre8/t/ddoRT.60","action":"GetUpdates", "result":"DeleteReceived", "context":{"id":"f415862e-3139-4e16-a94c-819d968c9a62", "isDeleted:":"true", "version":"1728196923895"}}
{"logTime": "1117/084537", "correlationVector":"c4s8/4j7GfIre8/t/ddoRT.61","action":"GetUpdates", "result":"DeleteReceived", "context":{"id":"9eff1d39-788a-4d7e-adbc-e63f1629e2a8", "isDeleted:":"true", "version":"1728227719328"}}
{"logTime": "1117/084537", "correlationVector":"c4s8/4j7GfIre8/t/ddoRT.62","action":"GetUpdates", "result":"DeleteReceived", "context":{"id":"6955c34c-6058-434c-8e38-88fdfe9bc618", "isDeleted:":"true", "version":"1728299717629"}}
{"logTime": "1117/084537", "correlationVector":"c4s8/4j7GfIre8/t/ddoRT.63","action":"GetUpdates", "result":"DeleteReceived", "context":{"id":"14409a63-268a-4f0d-8060-83320ace1952", "isDeleted:":"true", "version":"1728314853851"}}
{"logTime": "1117/084537", "correlationVector":"c4s8/4j7GfIre8/t/ddoRT.64","action":"GetUpdates", "result":"DeleteReceived", "context":{"id":"ae0251d9-004b-4a6a-968f-961251c0dd52", "isDeleted:":"true", "version":"1728317636503"}}
{"logTime": "1117/084537", "correlationVector":"c4s8/4j7GfIre8/t/ddoRT.65","action":"GetUpdates", "result":"DeleteReceived", "context":{"id":"342a8230-b77f-4de5-af24-68df0636190d", "isDeleted:":"true", "version":"1728399133587"}}
{"logTime": "1117/084537", "correlationVector":"c4s8/4j7GfIre8/t/ddoRT.66","action":"GetUpdates", "result":"DeleteReceived", "context":{"id":"5771d933-d09b-41a2-ac39-bb5d3042ded8", "isDeleted:":"true", "version":"1728399218459"}}
{"logTime": "1117/084537", "correlationVector":"c4s8/4j7GfIre8/t/ddoRT.67","action":"GetUpdates", "result":"DeleteReceived", "context":{"id":"6f14eb48-9950-4f30-924c-7763eb8da7ab", "isDeleted:":"true", "version":"1728399433275"}}
{"logTime": "1117/084537", "correlationVector":"c4s8/4j7GfIre8/t/ddoRT.68","action":"GetUpdates", "result":"DeleteReceived", "context":{"id":"8902764c-c461-4169-8c32-da1d7d449421", "isDeleted:":"true", "version":"1728402317794"}}
{"logTime": "1117/084537", "correlationVector":"c4s8/4j7GfIre8/t/ddoRT.69","action":"GetUpdates", "result":"DeleteReceived", "context":{"id":"7822dcc0-b24a-495e-a1c6-f588104e7f32", "isDeleted:":"true", "version":"1728402317795"}}
{"logTime": "1117/084537", "correlationVector":"c4s8/4j7GfIre8/t/ddoRT.70","action":"GetUpdates", "result":"DeleteReceived", "context":{"id":"ae8dc764-2912-4cd2-8194-2703de29e00c", "isDeleted:":"true", "version":"1728470312366"}}
{"logTime": "1117/084537", "correlationVector":"c4s8/4j7GfIre8/t/ddoRT.71","action":"GetUpdates", "result":"DeleteReceived", "context":{"id":"eae752d8-e622-4e45-ab9c-93b5ceeab499", "isDeleted:":"true", "version":"1728482427202"}}
{"logTime": "1117/084537", "correlationVector":"c4s8/4j7GfIre8/t/ddoRT.72","action":"GetUpdates", "result":"DeleteReceived", "context":{"id":"0d7167f6-5b1e-4c23-ba3b-8427ed0f5501", "isDeleted:":"true", "version":"1728590443815"}}
{"logTime": "1117/084537", "correlationVector":"c4s8/4j7GfIre8/t/ddoRT.73","action":"GetUpdates", "result":"DeleteReceived", "context":{"id":"c396ad3f-ab97-4b9c-aab8-824fd7eed741", "isDeleted:":"true", "version":"1728592679967"}}
{"logTime": "1117/084537", "correlationVector":"c4s8/4j7GfIre8/t/ddoRT.74","action":"GetUpdates", "result":"DeleteReceived", "context":{"id":"849d5402-4a46-4e1f-bb31-bbed394c2aa7", "isDeleted:":"true", "version":"1728619534634"}}
{"logTime": "1117/084537", "correlationVector":"c4s8/4j7GfIre8/t/ddoRT.75","action":"GetUpdates", "result":"DeleteReceived", "context":{"id":"2bbb194a-acac-4502-a74b-fb8ad32a8815", "isDeleted:":"true", "version":"1728619534635"}}
{"logTime": "1117/084537", "correlationVector":"c4s8/4j7GfIre8/t/ddoRT.76","action":"GetUpdates", "result":"DeleteReceived", "context":{"id":"daf6aa07-5dbe-4267-83e4-b12c9b8a3440", "isDeleted:":"true", "version":"1728718681806"}}
{"logTime": "1117/084537", "correlationVector":"c4s8/4j7GfIre8/t/ddoRT.77","action":"GetUpdates", "result":"DeleteReceived", "context":{"id":"8fd23f80-b314-409d-a9a9-ff6647023f23", "isDeleted:":"true", "version":"1728744979970"}}
{"logTime": "1117/084537", "correlationVector":"c4s8/4j7GfIre8/t/ddoRT.78","action":"GetUpdates", "result":"DeleteReceived", "context":{"id":"6ac1b485-54fa-4c97-ac65-9847d38acb70", "isDeleted:":"true", "version":"1728829976227"}}
{"logTime": "1117/084537", "correlationVector":"c4s8/4j7GfIre8/t/ddoRT.79","action":"GetUpdates", "result":"DeleteReceived", "context":{"id":"733c8edb-2328-45e6-95ff-b892d543a6b3", "isDeleted:":"true", "version":"1728832267639"}}
{"logTime": "1117/084537", "correlationVector":"c4s8/4j7GfIre8/t/ddoRT.80","action":"GetUpdates", "result":"DeleteReceived", "context":{"id":"21af6422-161f-4073-a827-8e296e1c0ba9", "isDeleted:":"true", "version":"1728904629501"}}
{"logTime": "1117/084537", "correlationVector":"c4s8/4j7GfIre8/t/ddoRT.81","action":"GetUpdates", "result":"DeleteReceived", "context":{"id":"bc7ebb26-13f9-4275-a433-0b925ec9df24", "isDeleted:":"true", "version":"1728923618152"}}
{"logTime": "1117/084537", "correlationVector":"c4s8/4j7GfIre8/t/ddoRT.82","action":"GetUpdates", "result":"DeleteReceived", "context":{"id":"850e34c8-3a4f-48f3-a92a-6dfa281eb58b", "isDeleted:":"true", "version":"1728923966850"}}
{"logTime": "1117/084537", "correlationVector":"c4s8/4j7GfIre8/t/ddoRT.83","action":"GetUpdates", "result":"DeleteReceived", "context":{"id":"c2ce3be8-1124-48c0-b4fc-712958a314cd", "isDeleted:":"true", "version":"1728923966851"}}
{"logTime": "1117/084537", "correlationVector":"c4s8/4j7GfIre8/t/ddoRT.84","action":"GetUpdates", "result":"DeleteReceived", "context":{"id":"9be150ef-a607-4bce-a8f2-4bb8aff6660c", "isDeleted:":"true", "version":"1728925767790"}}
{"logTime": "1117/084537", "correlationVector":"c4s8/4j7GfIre8/t/ddoRT.85","action":"GetUpdates", "result":"DeleteReceived", "context":{"id":"f3c6bbf2-ef66-4de6-be42-8e4b85059499", "isDeleted:":"true", "version":"1728989465464"}}
{"logTime": "1117/084537", "correlationVector":"c4s8/4j7GfIre8/t/ddoRT.86","action":"GetUpdates", "result":"DeleteReceived", "context":{"id":"a19c23eb-583a-4cbf-b184-1ceaeb2e267a", "isDeleted:":"true", "version":"1728990684886"}}
{"logTime": "1117/084537", "correlationVector":"c4s8/4j7GfIre8/t/ddoRT.87","action":"GetUpdates", "result":"DeleteReceived", "context":{"id":"f695a173-2163-4758-b291-9a43d61fcd1d", "isDeleted:":"true", "version":"1729001405456"}}
{"logTime": "1117/084537", "correlationVector":"c4s8/4j7GfIre8/t/ddoRT.88","action":"GetUpdates", "result":"DeleteReceived", "context":{"id":"20f483dd-1d6e-4894-9b90-a48197f4f3f2", "isDeleted:":"true", "version":"1729090668223"}}
{"logTime": "1117/084537", "correlationVector":"c4s8/4j7GfIre8/t/ddoRT.89","action":"GetUpdates", "result":"DeleteReceived", "context":{"id":"0435e797-fc42-4f15-9e25-5ad889f3208e", "isDeleted:":"true", "version":"1729090668224"}}
{"logTime": "1117/084537", "correlationVector":"c4s8/4j7GfIre8/t/ddoRT.90","action":"GetUpdates", "result":"DeleteReceived", "context":{"id":"1d63fbe1-e685-4229-bc4c-105719a23555", "isDeleted:":"true", "version":"1729090668225"}}
{"logTime": "1117/084537", "correlationVector":"c4s8/4j7GfIre8/t/ddoRT.91","action":"GetUpdates", "result":"DeleteReceived", "context":{"id":"3404e1a9-d240-4a2d-a252-85f1f78f425d", "isDeleted:":"true", "version":"1729090668226"}}
{"logTime": "1117/084537", "correlationVector":"c4s8/4j7GfIre8/t/ddoRT.92","action":"GetUpdates", "result":"DeleteReceived", "context":{"id":"9377f50a-baeb-48d5-9196-a7d493cac6b6", "isDeleted:":"true", "version":"1729090668227"}}
{"logTime": "1117/084537", "correlationVector":"c4s8/4j7GfIre8/t/ddoRT.93","action":"GetUpdates", "result":"DeleteReceived", "context":{"id":"f8046e25-f462-46b4-a771-5eb816895a6c", "isDeleted:":"true", "version":"1729174161696"}}
{"logTime": "1117/084537", "correlationVector":"c4s8/4j7GfIre8/t/ddoRT.94","action":"GetUpdates", "result":"DeleteReceived", "context":{"id":"16003bdb-92c8-466e-b121-7bd8c16d6a5c", "isDeleted:":"true", "version":"1729174475997"}}
{"logTime": "1117/084537", "correlationVector":"c4s8/4j7GfIre8/t/ddoRT.95","action":"GetUpdates", "result":"DeleteReceived", "context":{"id":"91c75604-a5df-412a-af37-07a82efaaa9b", "isDeleted:":"true", "version":"1729174525834"}}
{"logTime": "1117/084537", "correlationVector":"c4s8/4j7GfIre8/t/ddoRT.96","action":"GetUpdates", "result":"DeleteReceived", "context":{"id":"eb1b3350-05e0-4450-baf8-abeec28bdef2", "isDeleted:":"true", "version":"1729185817341"}}
{"logTime": "1117/084537", "correlationVector":"c4s8/4j7GfIre8/t/ddoRT.97","action":"GetUpdates", "result":"DeleteReceived", "context":{"id":"7917922c-0431-4982-aee9-3a4f922a7363", "isDeleted:":"true", "version":"1729185817342"}}
{"logTime": "1117/084537", "correlationVector":"c4s8/4j7GfIre8/t/ddoRT.98","action":"GetUpdates", "result":"DeleteReceived", "context":{"id":"e3840910-536a-493e-9027-c396150a05d9", "isDeleted:":"true", "version":"1729440579861"}}
{"logTime": "1117/084537", "correlationVector":"c4s8/4j7GfIre8/t/ddoRT.99","action":"GetUpdates", "result":"DeleteReceived", "context":{"id":"d6287365-f2e9-4b4d-9b49-53d940b4cc70", "isDeleted:":"true", "version":"1729440690942"}}
{"logTime": "1117/084537", "correlationVector":"c4s8/4j7GfIre8/t/ddoRT.100","action":"GetUpdates", "result":"DeleteReceived", "context":{"id":"cc2d4235-deb4-451c-85ed-1887b8de64e3", "isDeleted:":"true", "version":"1729519412922"}}
{"logTime": "1117/084537", "correlationVector":"c4s8/4j7GfIre8/t/ddoRT.101","action":"GetUpdates", "result":"DeleteReceived", "context":{"id":"f9438e43-9410-4617-9731-1edff8b8ccc6", "isDeleted:":"true", "version":"1729533201488"}}
{"logTime": "1117/084537", "correlationVector":"c4s8/4j7GfIre8/t/ddoRT.102","action":"GetUpdates", "result":"DeleteReceived", "context":{"id":"e8138f46-cb89-48a8-9c63-9e782601945b", "isDeleted:":"true", "version":"1729598241328"}}
{"logTime": "1117/084537", "correlationVector":"c4s8/4j7GfIre8/t/ddoRT.103","action":"GetUpdates", "result":"DeleteReceived", "context":{"id":"040df075-b327-430b-abf2-4dc2ab516b5a", "isDeleted:":"true", "version":"1729678715333"}}
{"logTime": "1117/084537", "correlationVector":"c4s8/4j7GfIre8/t/ddoRT.104","action":"GetUpdates", "result":"DeleteReceived", "context":{"id":"cb198427-2415-40b1-bbca-e2cec03e8d32", "isDeleted:":"true", "version":"1729784780562"}}
{"logTime": "1117/084537", "correlationVector":"c4s8/4j7GfIre8/t/ddoRT.105","action":"GetUpdates", "result":"DeleteReceived", "context":{"id":"88f6bf68-3751-43ed-8310-262a21259743", "isDeleted:":"true", "version":"1729852008884"}}
{"logTime": "1117/084537", "correlationVector":"c4s8/4j7GfIre8/t/ddoRT.106","action":"GetUpdates", "result":"DeleteReceived", "context":{"id":"033f37a3-94ad-4541-b33b-fbed9fbdd863", "isDeleted:":"true", "version":"1729887806079"}}
{"logTime": "1117/084537", "correlationVector":"c4s8/4j7GfIre8/t/ddoRT.107","action":"GetUpdates", "result":"DeleteReceived", "context":{"id":"f93eab68-3656-44bd-ab90-db64c37ddd43", "isDeleted:":"true", "version":"1729960853665"}}
{"logTime": "1117/084537", "correlationVector":"c4s8/4j7GfIre8/t/ddoRT.108","action":"GetUpdates", "result":"DeleteReceived", "context":{"id":"21fd9bd5-87f8-4a4e-8f6a-dc6952ae384a", "isDeleted:":"true", "version":"1729963950249"}}
{"logTime": "1117/084537", "correlationVector":"c4s8/4j7GfIre8/t/ddoRT.109","action":"GetUpdates", "result":"DeleteReceived", "context":{"id":"e27474f3-1de5-49d3-bc72-25001a2aad87", "isDeleted:":"true", "version":"1730057923785"}}
{"logTime": "1117/084537", "correlationVector":"c4s8/4j7GfIre8/t/ddoRT.110","action":"GetUpdates", "result":"DeleteReceived", "context":{"id":"0523a412-1de8-4770-a06d-4d8595c4540d", "isDeleted:":"true", "version":"1730058701787"}}
{"logTime": "1117/084537", "correlationVector":"c4s8/4j7GfIre8/t/ddoRT.111","action":"GetUpdates", "result":"DeleteReceived", "context":{"id":"2143e728-4838-408f-8cb2-ff986546cefd", "isDeleted:":"true", "version":"1730059261074"}}
{"logTime": "1117/084537", "correlationVector":"c4s8/4j7GfIre8/t/ddoRT.112","action":"GetUpdates", "result":"DeleteReceived", "context":{"id":"f64a64e3-7a46-4dda-ba9a-30cd378c6bd4", "isDeleted:":"true", "version":"1730060417861"}}
{"logTime": "1117/084537", "correlationVector":"c4s8/4j7GfIre8/t/ddoRT.113","action":"GetUpdates", "result":"DeleteReceived", "context":{"id":"1731bc80-a32a-4dd5-8db7-cceca4fdeb58", "isDeleted:":"true", "version":"1730123556349"}}
{"logTime": "1117/084537", "correlationVector":"c4s8/4j7GfIre8/t/ddoRT.114","action":"GetUpdates", "result":"DeleteReceived", "context":{"id":"57bb9b34-3c97-41d9-a39d-4472c498f255", "isDeleted:":"true", "version":"1730144492374"}}
{"logTime": "1117/084537", "correlationVector":"c4s8/4j7GfIre8/t/ddoRT.115","action":"GetUpdates", "result":"DeleteReceived", "context":{"id":"36836c4a-73c2-4c04-b75c-2bc4c7e6fee1", "isDeleted:":"true", "version":"1730212175715"}}
{"logTime": "1117/084537", "correlationVector":"c4s8/4j7GfIre8/t/ddoRT.116","action":"GetUpdates", "result":"DeleteReceived", "context":{"id":"f8076dce-7c12-4149-9a45-8987a59f3252", "isDeleted:":"true", "version":"1730231293476"}}
{"logTime": "1117/084537", "correlationVector":"c4s8/4j7GfIre8/t/ddoRT.117","action":"GetUpdates", "result":"DeleteReceived", "context":{"id":"cbd558ef-1cab-435a-93b0-b24b5dd86e10", "isDeleted:":"true", "version":"1730374894130"}}
{"logTime": "1117/084537", "correlationVector":"c4s8/4j7GfIre8/t/ddoRT.118","action":"GetUpdates", "result":"DeleteReceived", "context":{"id":"11d3ee95-75f5-4184-9261-35339dbdd111", "isDeleted:":"true", "version":"1730374894131"}}
{"logTime": "1117/084537", "correlationVector":"c4s8/4j7GfIre8/t/ddoRT.119","action":"GetUpdates", "result":"DeleteReceived", "context":{"id":"c855e025-89a1-43ef-8132-4ff2f0d20416", "isDeleted:":"true", "version":"1730555703313"}}
{"logTime": "1117/084537", "correlationVector":"c4s8/4j7GfIre8/t/ddoRT.120","action":"GetUpdates", "result":"DeleteReceived", "context":{"id":"c9fb3518-b1d5-4332-8583-183e520b9850", "isDeleted:":"true", "version":"1730555703314"}}
{"logTime": "1117/084537", "correlationVector":"c4s8/4j7GfIre8/t/ddoRT.121","action":"GetUpdates", "result":"DeleteReceived", "context":{"id":"8347bee3-35f8-445e-b8b8-65ad129f190a", "isDeleted:":"true", "version":"1730555703315"}}
{"logTime": "1117/084537", "correlationVector":"c4s8/4j7GfIre8/t/ddoRT.122","action":"GetUpdates", "result":"DeleteReceived", "context":{"id":"2a3304a4-74fd-4b8c-a333-a6796f9a4687", "isDeleted:":"true", "version":"1730555703316"}}
{"logTime": "1117/084537", "correlationVector":"c4s8/4j7GfIre8/t/ddoRT.123","action":"GetUpdates", "result":"DeleteReceived", "context":{"id":"3cac04eb-d0e4-4973-9660-733a835ae113", "isDeleted:":"true", "version":"1730555703317"}}
{"logTime": "1117/084537", "correlationVector":"c4s8/4j7GfIre8/t/ddoRT.124","action":"GetUpdates", "result":"DeleteReceived", "context":{"id":"fe2e0088-dc11-4846-b168-fa8349811b47", "isDeleted:":"true", "version":"1730555703318"}}
{"logTime": "1117/084537", "correlationVector":"c4s8/4j7GfIre8/t/ddoRT.125","action":"GetUpdates", "result":"DeleteReceived", "context":{"id":"d6a12c27-5a61-4b57-9a8c-2ea277fa8222", "isDeleted:":"true", "version":"1730555776781"}}
{"logTime": "1117/084537", "correlationVector":"c4s8/4j7GfIre8/t/ddoRT.126","action":"GetUpdates", "result":"DeleteReceived", "context":{"id":"7fd7e43b-05fa-42af-b79e-688a077ec58a", "isDeleted:":"true", "version":"1730556747962"}}
{"logTime": "1117/084537", "correlationVector":"c4s8/4j7GfIre8/t/ddoRT.127","action":"GetUpdates", "result":"DeleteReceived", "context":{"id":"4e4033af-59bd-4938-aa88-8a11c29751b5", "isDeleted:":"true", "version":"1730557079271"}}
{"logTime": "1117/084537", "correlationVector":"c4s8/4j7GfIre8/t/ddoRT.128","action":"GetUpdates", "result":"DeleteReceived", "context":{"id":"ddde7a7d-0c0a-4528-a2f3-22329c7b03ac", "isDeleted:":"true", "version":"1730826227701"}}
{"logTime": "1117/084537", "correlationVector":"c4s8/4j7GfIre8/t/ddoRT.129","action":"GetUpdates", "result":"DeleteReceived", "context":{"id":"ae161da6-6b2d-4422-afac-fb48be8eb93c", "isDeleted:":"true", "version":"1730826227702"}}
{"logTime": "1117/084537", "correlationVector":"c4s8/4j7GfIre8/t/ddoRT.130","action":"GetUpdates", "result":"DeleteReceived", "context":{"id":"344f69b9-c791-4bc2-b07c-84940fc393aa", "isDeleted:":"true", "version":"1730910183956"}}
{"logTime": "1117/084537", "correlationVector":"c4s8/4j7GfIre8/t/ddoRT.131","action":"GetUpdates", "result":"DeleteReceived", "context":{"id":"56900c0a-4953-45aa-bb0e-fc949698617d", "isDeleted:":"true", "version":"1730910183957"}}
{"logTime": "1117/084537", "correlationVector":"c4s8/4j7GfIre8/t/ddoRT.132","action":"GetUpdates", "result":"DeleteReceived", "context":{"id":"808ecadd-db68-4d92-969a-c32fe6bf9c65", "isDeleted:":"true", "version":"1730910183958"}}
{"logTime": "1117/084537", "correlationVector":"c4s8/4j7GfIre8/t/ddoRT.133","action":"GetUpdates", "result":"DeleteReceived", "context":{"id":"290e1578-a2e9-4630-a8d2-52684ce7634c", "isDeleted:":"true", "version":"1730910183959"}}
{"logTime": "1117/084537", "correlationVector":"c4s8/4j7GfIre8/t/ddoRT.134","action":"GetUpdates", "result":"DeleteReceived", "context":{"id":"dc24a264-a71b-43a9-91c0-f5aaaae1881c", "isDeleted:":"true", "version":"1730910183960"}}
{"logTime": "1117/084537", "correlationVector":"c4s8/4j7GfIre8/t/ddoRT.135","action":"GetUpdates", "result":"DeleteReceived", "context":{"id":"f1f1aea7-f60b-4941-b212-3c4a71706b5f", "isDeleted:":"true", "version":"1731357162095"}}
{"logTime": "1117/084537", "correlationVector":"c4s8/4j7GfIre8/t/ddoRT.136","action":"GetUpdates", "result":"DeleteReceived", "context":{"id":"9755a8ce-fd13-4606-a1b6-c1b622a9780c", "isDeleted:":"true", "version":"1731358437821"}}
{"logTime": "1117/084537", "correlationVector":"c4s8/4j7GfIre8/t/ddoRT.137","action":"GetUpdates", "result":"DeleteReceived", "context":{"id":"c99af87a-a889-483d-9231-27e18e009039", "isDeleted:":"true", "version":"1731399953459"}}
{"logTime": "1117/084537", "correlationVector":"c4s8/4j7GfIre8/t/ddoRT.138","action":"GetUpdates", "result":"DeleteReceived", "context":{"id":"d51f3a07-8f07-41d6-b187-cd54baeb07e0", "isDeleted:":"true", "version":"1731440425634"}}
{"logTime": "1117/084537", "correlationVector":"c4s8/4j7GfIre8/t/ddoRT.139","action":"GetUpdates", "result":"DeleteReceived", "context":{"id":"4000ee27-d7c1-4a8e-a37b-ed611e362034", "isDeleted:":"true", "version":"1731483843269"}}
{"logTime": "1117/084537", "correlationVector":"c4s8/4j7GfIre8/t/ddoRT.140","action":"GetUpdates", "result":"DeleteReceived", "context":{"id":"5e22b8f5-a310-4fa1-93a3-482a460ce78b", "isDeleted:":"true", "version":"1731483843270"}}
{"logTime": "1117/084537", "correlationVector":"c4s8/4j7GfIre8/t/ddoRT.141","action":"GetUpdates", "result":"DeleteReceived", "context":{"id":"3c6e4df9-8105-4c6a-990b-b024deb8aa26", "isDeleted:":"true", "version":"1731483843272"}}
{"logTime": "1117/084537", "correlationVector":"c4s8/4j7GfIre8/t/ddoRT.142","action":"GetUpdates", "result":"DeleteReceived", "context":{"id":"1748ca09-f8e0-4577-8c3c-13a8b52db1e3", "isDeleted:":"true", "version":"1731483912243"}}
{"logTime": "1117/084537", "correlationVector":"c4s8/4j7GfIre8/t/ddoRT.143","action":"GetUpdates", "result":"DeleteReceived", "context":{"id":"4ff5591f-0304-4701-9efb-235290f3fcf4", "isDeleted:":"true", "version":"1731580541543"}}
{"logTime": "1117/084537", "correlationVector":"c4s8/4j7GfIre8/t/ddoRT.144","action":"GetUpdates", "result":"DeleteReceived", "context":{"id":"a3eb971d-e436-43ba-80ec-bb5c54376cbb", "isDeleted:":"true", "version":"1731652730644"}}
{"logTime": "1117/084537", "correlationVector":"c4s8/4j7GfIre8/t/ddoRT.145","action":"GetUpdates", "result":"DeleteReceived", "context":{"id":"d2fe0b13-3bb2-4cea-b3cf-7de1cbc6ee2b", "isDeleted:":"true", "version":"1731654032295"}}
{"logTime": "1117/084537", "correlationVector":"c4s8/4j7GfIre8/t/ddoRT.146","action":"GetUpdates", "result":"DeleteReceived", "context":{"id":"ca496bc9-d8f5-4fba-b0ef-a2afb33905f5", "isDeleted:":"true", "version":"1731698187414"}}
{"logTime": "1117/084537", "correlationVector":"c4s8/4j7GfIre8/t/ddoRT.147","action":"GetUpdates", "result":"DeleteReceived", "context":{"id":"8f9bf19a-d6a2-4379-884e-4c0e232fd33e", "isDeleted:":"true", "version":"1731702101590"}}
{"logTime": "1117/084537", "correlationVector":"c4s8/4j7GfIre8/t/ddoRT.148","action":"GetUpdates", "result":"DeleteReceived", "context":{"id":"66804073-6171-4bb6-8f43-3c941c0e0e01", "isDeleted:":"true", "version":"1731744745681"}}
{"logTime": "1117/084537", "correlationVector":"c4s8/4j7GfIre8/t/ddoRT.149","action":"GetUpdates", "result":"DeleteReceived", "context":{"id":"f44e52b0-8980-4b3c-ab53-44418b9ab0a1", "isDeleted:":"true", "version":"1731753002684"}}
{"logTime": "1117/084537", "correlationVector":"c4s8/4j7GfIre8/t/ddoRT.150","action":"GetUpdates", "result":"DeleteReceived", "context":{"id":"490991a0-1ad1-4906-a73c-d7bc2e17fd50", "isDeleted:":"true", "version":"1731753358214"}}
{"logTime": "1117/084537", "correlationVector":"c4s8/4j7GfIre8/t/ddoRT.151","action":"GetUpdates", "result":"DeleteReceived", "context":{"id":"f73b90fe-83af-40ab-914c-dacbcdf20e1b", "isDeleted:":"true", "version":"1731753979685"}}
{"logTime": "1117/084537", "correlationVector":"c4s8/4j7GfIre8/t/ddoRT.152","action":"GetUpdates", "result":"DeleteReceived", "context":{"id":"ec226630-1c02-4369-9e00-7f405d57c5db", "isDeleted:":"true", "version":"1727968512792"}}
{"logTime": "1117/084537", "correlationVector":"c4s8/4j7GfIre8/t/ddoRT.153","action":"GetUpdates Response", "result":"Success", "context":Received 236 update(s). cV=c4s8/4j7GfIre8/t/ddoRT.0;server=GENERAL03000000;cloudType=Consumer;environment=Prod_SoutheastAsia_000j;migrationStage=NotStarted}
{"logTime": "1117/084537", "correlationVector":"HGbDnAKRnvfr7ATHE6Rswb","action":"Normal GetUpdate request", "result":"", "context":cV=HGbDnAKRnvfr7ATHE6Rswb
Nudged types: Sessions, Device Info, User Consents
Refresh requested types: Bookmarks, Preferences, Passwords, Autofill Profiles, Autofill, Typed URLs, Extensions, Sessions, Extension settings, History Delete Directives, Device Info, User Consents, Send Tab To Self, Web Apps, Collection, Edge E Drop, Edge Hub App Usage, Edge Tab Group, Edge Wallet, Encryption Keys}
{"logTime": "1117/084538", "correlationVector":"HGbDnAKRnvfr7ATHE6Rswb.1","action":"SyncServerConnectionManagerRequest", "result":"SYNC_SERVER_OK", "context":{"environment":"Prod_SoutheastAsia_000j", "migrationStage":"NotStarted", "server":"GENERAL0300002W"}}
{"logTime": "1117/084538", "correlationVector":"HGbDnAKRnvfr7ATHE6Rswb.2","action":"GetUpdates Response", "result":"Success", "context":Received 0 update(s). cV=HGbDnAKRnvfr7ATHE6Rswb.0;server=GENERAL0300002W;cloudType=Consumer;environment=Prod_SoutheastAsia_000j;migrationStage=NotStarted}
{"logTime": "1117/084538", "correlationVector":"lrAC9mrv0JgN/ws5NxYMxY","action":"DoCompareDataConsistency requsted types: ", "result":"Bookmarks, Preferences, Passwords, Typed URLs, Extensions, Extension settings, History Delete Directives, Send Tab To Self, Web Apps, Collection, Edge E Drop, Edge Tab Group, Edge Wallet, Encryption Keys"}
{"logTime": "1117/084538", "correlationVector":"lrAC9mrv0JgN/ws5NxYMxY.0","action":"CompareDataConsistency result: ", "result":"Compare result: Encryption Keys is consistent. local entities count is: 1 local entities hash is: jTvSllgkYtWP2sGhfMJKTVj7/s0="}
{"logTime": "1117/084538", "correlationVector":"lrAC9mrv0JgN/ws5NxYMxY.1","action":"CompareDataConsistency result: ", "result":"Compare result: Bookmarks is consistent. local entities count is: 15 local entities hash is: VT0aNKiwrngOvGQN3nmsQT7fkcE="}
{"logTime": "1117/084538", "correlationVector":"lrAC9mrv0JgN/ws5NxYMxY.2","action":"CompareDataConsistency result: ", "result":"Compare result: Preferences is consistent. local entities count is: 63 local entities hash is: 0SQt07MMiQURcx5IIijPNTgcKsI="}
{"logTime": "1117/084538", "correlationVector":"lrAC9mrv0JgN/ws5NxYMxY.3","action":"CompareDataConsistency result: ", "result":"Server did not send this Typed URLs local entities count is: 87 local entities hash is: KX6NJPZ8xoQEg8bNDWAPBOd+Jjg="}
{"logTime": "1117/084538", "correlationVector":"lrAC9mrv0JgN/ws5NxYMxY.4","action":"CompareDataConsistency result: ", "result":"Compare result: Extensions is consistent. local entities count is: 0 local entities hash is: "}
{"logTime": "1117/084538", "correlationVector":"lrAC9mrv0JgN/ws5NxYMxY.5","action":"CompareDataConsistency result: ", "result":"Compare result: Extension settings is consistent. local entities count is: 0 local entities hash is: "}
{"logTime": "1117/084538", "correlationVector":"lrAC9mrv0JgN/ws5NxYMxY.6","action":"CompareDataConsistency result: ", "result":"Compare result: History Delete Directives is consistent. local entities count is: 0 local entities hash is: "}
{"logTime": "1117/084538", "correlationVector":"lrAC9mrv0JgN/ws5NxYMxY.7","action":"CompareDataConsistency result: ", "result":"Server did not send this Send Tab To Self local entities count is: 0 local entities hash is: "}
{"logTime": "1117/084538", "correlationVector":"lrAC9mrv0JgN/ws5NxYMxY.8","action":"CompareDataConsistency result: ", "result":"Compare result: Web Apps is consistent. local entities count is: 0 local entities hash is: "}
{"logTime": "1117/084538", "correlationVector":"lrAC9mrv0JgN/ws5NxYMxY.9","action":"CompareDataConsistency result: ", "result":"Compare result: Collection is consistent. local entities count is: 0 local entities hash is: "}
{"logTime": "1117/084538", "correlationVector":"lrAC9mrv0JgN/ws5NxYMxY.10","action":"CompareDataConsistency result: ", "result":"Compare result: Edge E Drop is consistent. local entities count is: 0 local entities hash is: "}
{"logTime": "1117/084538", "correlationVector":"lrAC9mrv0JgN/ws5NxYMxY.11","action":"CompareDataConsistency result: ", "result":"Compare result: Edge Tab Group is consistent. local entities count is: 1 local entities hash is: fwG+G8dzCZKQK1XAfcBE9dv8BlI="}
{"logTime": "1117/084538", "correlationVector":"lrAC9mrv0JgN/ws5NxYMxY.12","action":"CompareDataConsistency result: ", "result":"Compare result: Edge Wallet is consistent. local entities count is: 0 local entities hash is: "}
{"logTime": "1117/084538", "correlationVector":"lrAC9mrv0JgN/ws5NxYMxY.13","action":"CompareDataConsistency result: ", "result":"Compare result: Passwords is consistent. local entities count is: 18 local entities hash is: tPNE8SDfj5piZocHutOBfJ1rIeE="}
{"logTime": "1117/084538", "correlationVector":"NYQWYGWAIk7LID9Cvllc2X","action":"Commit Request", "result":"", "context":Item count: 5
Contributing types: Sessions, Device Info, User Consents}
{"logTime": "1117/084540", "correlationVector":"NYQWYGWAIk7LID9Cvllc2X.1","action":"SyncServerConnectionManagerRequest", "result":"SYNC_SERVER_OK", "context":{"environment":"Prod_SoutheastAsia_000j", "migrationStage":"NotStarted", "server":"GENERAL03000000"}}
{"logTime": "1117/084540", "correlationVector":"NYQWYGWAIk7LID9Cvllc2X.2","action":"Commit Response", "result":"Success", "context":Result: Success. cV=NYQWYGWAIk7LID9Cvllc2X.0;server=GENERAL03000000;cloudType=Consumer;environment=Prod_SoutheastAsia_000j;migrationStage=NotStarted}
{"logTime": "1117/084540", "correlationVector":"","action":"DIAGNOSTIC_REQUEST|v1/diagnosticData/Diagnostic.SendCheckResult()|SUCCESS", "result":""}
{"logTime": "1117/084540", "correlationVector":"8Yb/JvA8CNqwdvH/UDiw4t","action":"Normal GetUpdate request", "result":"", "context":cV=8Yb/JvA8CNqwdvH/UDiw4t
Nudged types: Sessions, Device Info}
{"logTime": "1117/084540", "correlationVector":"8Yb/JvA8CNqwdvH/UDiw4t.1","action":"SyncServerConnectionManagerRequest", "result":"SYNC_SERVER_OK", "context":{"environment":"Prod_SoutheastAsia_000j", "migrationStage":"NotStarted", "server":"GENERAL0300000K"}}
{"logTime": "1117/084540", "correlationVector":"8Yb/JvA8CNqwdvH/UDiw4t.2","action":"GetUpdates Response", "result":"Success", "context":Received 3 update(s). cV=8Yb/JvA8CNqwdvH/UDiw4t.0;server=GENERAL0300000K;cloudType=Consumer;environment=Prod_SoutheastAsia_000j;migrationStage=NotStarted}
{"logTime": "1117/084603", "correlationVector":"lg3uqJrUc/Y/0xNYqVLlc6","action":"Normal GetUpdate request", "result":"", "context":cV=lg3uqJrUc/Y/0xNYqVLlc6
Nudged types: Sessions, Edge Hub App Usage}
{"logTime": "1117/084604", "correlationVector":"lg3uqJrUc/Y/0xNYqVLlc6.1","action":"SyncServerConnectionManagerRequest", "result":"SYNC_SERVER_OK", "context":{"environment":"Prod_SoutheastAsia_000j", "migrationStage":"NotStarted", "server":"GENERAL0300000E"}}
{"logTime": "1117/084604", "correlationVector":"lg3uqJrUc/Y/0xNYqVLlc6.2","action":"GetUpdates Response", "result":"Success", "context":Received 0 update(s). cV=lg3uqJrUc/Y/0xNYqVLlc6.0;server=GENERAL0300000E;cloudType=Consumer;environment=Prod_SoutheastAsia_000j;migrationStage=NotStarted}
{"logTime": "1117/084604", "correlationVector":"9u5bchIIxiSiB+VD8rHyoy","action":"Commit Request", "result":"", "context":Item count: 2
Contributing types: Sessions, Edge Hub App Usage}
{"logTime": "1117/084605", "correlationVector":"9u5bchIIxiSiB+VD8rHyoy.1","action":"SyncServerConnectionManagerRequest", "result":"SYNC_SERVER_OK", "context":{"environment":"Prod_SoutheastAsia_000j", "migrationStage":"NotStarted", "server":"GENERAL0300000X"}}
{"logTime": "1117/084605", "correlationVector":"9u5bchIIxiSiB+VD8rHyoy.2","action":"Commit Response", "result":"Success", "context":Result: Success. cV=9u5bchIIxiSiB+VD8rHyoy.0;server=GENERAL0300000X;cloudType=Consumer;environment=Prod_SoutheastAsia_000j;migrationStage=NotStarted}
